[    0.000000] Linux version 4.15.0-141-generic (buildd@lcy01-amd64-022) (gcc version 7.5.0 (Ubuntu 7.5.0-3ubuntu1~18.04)) #145-Ubuntu SMP Wed Mar 24 18:08:07 UTC 2021 (Ubuntu 4.15.0-141.145-generic 4.15.18)
[    0.000000] Command line: BOOT_IMAGE=/boot/vmlinuz-4.15.0-141-generic root=LABEL=cloudimg-rootfs ro console=tty1 console=ttyS0
[    0.000000] KERNEL supported cpus:
[    0.000000]   Intel GenuineIntel
[    0.000000]   AMD AuthenticAMD
[    0.000000]   Centaur CentaurHauls
[    0.000000] x86/fpu: x87 FPU will use FXSAVE
[    0.000000] e820: BIOS-provided physical RAM map:
[    0.000000] BIOS-e820: [mem 0x0000000000000000-0x000000000009fbff] usable
[    0.000000] BIOS-e820: [mem 0x000000000009fc00-0x000000000009ffff] reserved
[    0.000000] BIOS-e820: [mem 0x00000000000f0000-0x00000000000fffff] reserved
[    0.000000] BIOS-e820: [mem 0x0000000000100000-0x000000007ffeffff] usable
[    0.000000] BIOS-e820: [mem 0x000000007fff0000-0x000000007fffffff] ACPI data
[    0.000000] BIOS-e820: [mem 0x00000000fec00000-0x00000000fec00fff] reserved
[    0.000000] BIOS-e820: [mem 0x00000000fee00000-0x00000000fee00fff] reserved
[    0.000000] BIOS-e820: [mem 0x00000000fffc0000-0x00000000ffffffff] reserved
[    0.000000] NX (Execute Disable) protection: active
[    0.000000] SMBIOS 2.5 present.
[    0.000000] DMI: innotek GmbH VirtualBox/VirtualBox, BIOS VirtualBox 12/01/2006
[    0.000000] Hypervisor detected: KVM
[    0.000000] e820: last_pfn = 0x7fff0 max_arch_pfn = 0x400000000
[    0.000000] MTRR: Disabled
[    0.000000] x86/PAT: MTRRs disabled, skipping PAT initialization too.
[    0.000000] CPU MTRRs all blank - virtualized system.
[    0.000000] x86/PAT: Configuration [0-7]: WB  WT  UC- UC  WB  WT  UC- UC  
[    0.000000] found SMP MP-table at [mem 0x0009fff0-0x0009ffff]
[    0.000000] Scanning 1 areas for low memory corruption
[    0.000000] RAMDISK: [mem 0x359cf000-0x36cdefff]
[    0.000000] ACPI: Early table checksum verification disabled
[    0.000000] ACPI: RSDP 0x00000000000E0000 000024 (v02 VBOX  )
[    0.000000] ACPI: XSDT 0x000000007FFF0030 00003C (v01 VBOX   VBOXXSDT 00000001 ASL  00000061)
[    0.000000] ACPI: FACP 0x000000007FFF00F0 0000F4 (v04 VBOX   VBOXFACP 00000001 ASL  00000061)
[    0.000000] ACPI: DSDT 0x000000007FFF0470 002325 (v02 VBOX   VBOXBIOS 00000002 INTL 20100528)
[    0.000000] ACPI: FACS 0x000000007FFF0200 000040
[    0.000000] ACPI: FACS 0x000000007FFF0200 000040
[    0.000000] ACPI: APIC 0x000000007FFF0240 000054 (v02 VBOX   VBOXAPIC 00000001 ASL  00000061)
[    0.000000] ACPI: SSDT 0x000000007FFF02A0 0001CC (v01 VBOX   VBOXCPUT 00000002 INTL 20100528)
[    0.000000] No NUMA configuration found
[    0.000000] Faking a node at [mem 0x0000000000000000-0x000000007ffeffff]
[    0.000000] NODE_DATA(0) allocated [mem 0x7ffc5000-0x7ffeffff]
[    0.000000] kvm-clock: cpu 0, msr 0:7ff44001, primary cpu clock
[    0.000000] kvm-clock: Using msrs 4b564d01 and 4b564d00
[    0.000000] kvm-clock: using sched offset of 5173677638 cycles
[    0.000000] clocksource: kvm-clock: mask: 0xffffffffffffffff max_cycles: 0x1cd42e4dffb, max_idle_ns: 881590591483 ns
[    0.000000] Zone ranges:
[    0.000000]   DMA      [mem 0x0000000000001000-0x0000000000ffffff]
[    0.000000]   DMA32    [mem 0x0000000001000000-0x000000007ffeffff]
[    0.000000]   Normal   empty
[    0.000000]   Device   empty
[    0.000000] Movable zone start for each node
[    0.000000] Early memory node ranges
[    0.000000]   node   0: [mem 0x0000000000001000-0x000000000009efff]
[    0.000000]   node   0: [mem 0x0000000000100000-0x000000007ffeffff]
[    0.000000] Reserved but unavailable: 98 pages
[    0.000000] Initmem setup node 0 [mem 0x0000000000001000-0x000000007ffeffff]
[    0.000000] ACPI: PM-Timer IO Port: 0x4008
[    0.000000] IOAPIC[0]: apic_id 1, version 32, address 0xfec00000, GSI 0-23
[    0.000000] ACPI: INT_SRC_OVR (bus 0 bus_irq 0 global_irq 2 dfl dfl)
[    0.000000] ACPI: INT_SRC_OVR (bus 0 bus_irq 9 global_irq 9 low level)
[    0.000000] Using ACPI (MADT) for SMP configuration information
[    0.000000] smpboot: Allowing 1 CPUs, 0 hotplug CPUs
[    0.000000] PM: Registered nosave memory: [mem 0x00000000-0x00000fff]
[    0.000000] PM: Registered nosave memory: [mem 0x0009f000-0x0009ffff]
[    0.000000] PM: Registered nosave memory: [mem 0x000a0000-0x000effff]
[    0.000000] PM: Registered nosave memory: [mem 0x000f0000-0x000fffff]
[    0.000000] e820: [mem 0x80000000-0xfebfffff] available for PCI devices
[    0.000000] Booting paravirtualized kernel on KVM
[    0.000000] clocksource: refined-jiffies: mask: 0xffffffff max_cycles: 0xffffffff, max_idle_ns: 7645519600211568 ns
[    0.000000] random: get_random_bytes called from start_kernel+0x99/0x500 with crng_init=0
[    0.000000] setup_percpu: NR_CPUS:8192 nr_cpumask_bits:1 nr_cpu_ids:1 nr_node_ids:1
[    0.000000] percpu: Embedded 45 pages/cpu s147456 r8192 d28672 u2097152
[    0.000000] PV qspinlock hash table entries: 256 (order: 0, 4096 bytes)
[    0.000000] Built 1 zonelists, mobility grouping on.  Total pages: 515961
[    0.000000] Policy zone: DMA32
[    0.000000] Kernel command line: BOOT_IMAGE=/boot/vmlinuz-4.15.0-141-generic root=LABEL=cloudimg-rootfs ro console=tty1 console=ttyS0
[    0.000000] Memory: 2015092K/2096696K available (12300K kernel code, 2483K rwdata, 4316K rodata, 2444K init, 2724K bss, 81604K reserved, 0K cma-reserved)
[    0.000000] SLUB: HWalign=64, Order=0-3, MinObjects=0, CPUs=1, Nodes=1
[    0.000000] Kernel/User page tables isolation: enabled
[    0.000000] ftrace: allocating 39434 entries in 155 pages
[    0.004000] Hierarchical RCU implementation.
[    0.004000] 	RCU restricting CPUs from NR_CPUS=8192 to nr_cpu_ids=1.
[    0.004000] 	Tasks RCU enabled.
[    0.004000] RCU: Adjusting geometry for rcu_fanout_leaf=16, nr_cpu_ids=1
[    0.004000] NR_IRQS: 524544, nr_irqs: 256, preallocated irqs: 16
[    0.004000] Console: colour VGA+ 80x25
[    0.004000] console [tty1] enabled
[    0.004000] console [ttyS0] enabled
[    0.004000] ACPI: Core revision 20170831
[    0.004000] ACPI: 2 ACPI AML tables successfully acquired and loaded
[    0.004000] APIC: Switch to symmetric I/O mode setup
[    0.008000] ..TIMER: vector=0x30 apic1=0 pin1=2 apic2=-1 pin2=-1
[    0.008006] tsc: Detected 2592.006 MHz processor
[    0.012012] Calibrating delay loop (skipped) preset value.. 5184.01 BogoMIPS (lpj=10368024)
[    0.020004] pid_max: default: 32768 minimum: 301
[    0.024071] Security Framework initialized
[    0.028003] Yama: becoming mindful.
[    0.032026] AppArmor: AppArmor initialized
[    0.048358] Dentry cache hash table entries: 262144 (order: 9, 2097152 bytes)
[    0.063269] Inode-cache hash table entries: 131072 (order: 8, 1048576 bytes)
[    0.064203] Mount-cache hash table entries: 4096 (order: 3, 32768 bytes)
[    0.068182] Mountpoint-cache hash table entries: 4096 (order: 3, 32768 bytes)
[    0.076292] Last level iTLB entries: 4KB 64, 2MB 8, 4MB 8
[    0.080002] Last level dTLB entries: 4KB 64, 2MB 0, 4MB 0, 1GB 4
[    0.084009] Spectre V1 : Mitigation: usercopy/swapgs barriers and __user pointer sanitization
[    0.088007] Spectre V2 : Mitigation: Full generic retpoline
[    0.092002] Spectre V2 : Spectre v2 / SpectreRSB mitigation: Filling RSB on context switch
[    0.096002] Speculative Store Bypass: Vulnerable
[    0.100041] MDS: Mitigation: Clear CPU buffers
[    0.111193] Freeing SMP alternatives memory: 36K
[    0.224458] smpboot: CPU0: Intel(R) Core(TM) i7-9750H CPU @ 2.60GHz (family: 0x6, model: 0x9e, stepping: 0xa)
[    0.232504] Performance Events: unsupported p6 CPU model 158 no PMU driver, software events only.
[    0.236121] Hierarchical SRCU implementation.
[    0.244940] NMI watchdog: Perf event create on CPU 0 failed with -2
[    0.248002] NMI watchdog: Perf NMI watchdog permanently disabled
[    0.252325] smp: Bringing up secondary CPUs ...
[    0.256003] smp: Brought up 1 node, 1 CPU
[    0.260005] smpboot: Max logical packages: 1
[    0.264078] smpboot: Total of 1 processors activated (5184.01 BogoMIPS)
[    0.268368] devtmpfs: initialized
[    0.272081] x86/mm: Memory block size: 128MB
[    0.276560] evm: security.selinux
[    0.280005] evm: security.SMACK64
[    0.284003] evm: security.SMACK64EXEC
[    0.288003] evm: security.SMACK64TRANSMUTE
[    0.292002] evm: security.SMACK64MMAP
[    0.296002] evm: security.apparmor
[    0.299312] evm: security.ima
[    0.300002] evm: security.capability
[    0.304431] clocksource: jiffies: mask: 0xffffffff max_cycles: 0xffffffff, max_idle_ns: 7645041785100000 ns
[    0.308009] futex hash table entries: 256 (order: 2, 16384 bytes)
[    0.312111] pinctrl core: initialized pinctrl subsystem
[    0.316331] RTC time: 14:27:05, date: 06/03/21
[    0.320386] NET: Registered protocol family 16
[    0.324180] audit: initializing netlink subsys (disabled)
[    0.328695] cpuidle: using governor ladder
[    0.332005] audit: type=2000 audit(1622730431.737:1): state=initialized audit_enabled=0 res=1
[    0.336005] cpuidle: using governor menu
[    0.340063] ACPI: bus type PCI registered
[    0.342924] acpiphp: ACPI Hot Plug PCI Controller Driver version: 0.5
[    0.344426] PCI: Using configuration type 1 for base access
[    0.350188] HugeTLB registered 2.00 MiB page size, pre-allocated 0 pages
[    0.352935] ACPI: Added _OSI(Module Device)
[    0.356004] ACPI: Added _OSI(Processor Device)
[    0.360003] ACPI: Added _OSI(3.0 _SCP Extensions)
[    0.364003] ACPI: Added _OSI(Processor Aggregator Device)
[    0.368008] ACPI: Added _OSI(Linux-Dell-Video)
[    0.372013] ACPI: Added _OSI(Linux-Lenovo-NV-HDMI-Audio)
[    0.376003] ACPI: Added _OSI(Linux-HPI-Hybrid-Graphics)
[    0.380792] ACPI: Executed 1 blocks of module-level executable AML code
[    0.394164] ACPI: Interpreter enabled
[    0.396013] ACPI: (supports S0 S5)
[    0.398593] ACPI: Using IOAPIC for interrupt routing
[    0.400379] PCI: Using host bridge windows from ACPI; if necessary, use "pci=nocrs" and report a bug
[    0.404195] ACPI: Enabled 2 GPEs in block 00 to 07
[    0.419275] ACPI: PCI Root Bridge [PCI0] (domain 0000 [bus 00-ff])
[    0.420010] acpi PNP0A03:00: _OSC: OS supports [ASPM ClockPM Segments MSI]
[    0.428233] acpi PNP0A03:00: _OSC: not requesting OS control; OS requires [ExtendedConfig ASPM ClockPM MSI]
[    0.432016] acpi PNP0A03:00: fail to add MMCONFIG information, can't access extended PCI configuration space under this bridge.
[    0.440501] PCI host bridge to bus 0000:00
[    0.444004] pci_bus 0000:00: root bus resource [io  0x0000-0x0cf7 window]
[    0.448004] pci_bus 0000:00: root bus resource [io  0x0d00-0xffff window]
[    0.452003] pci_bus 0000:00: root bus resource [mem 0x000a0000-0x000bffff window]
[    0.456003] pci_bus 0000:00: root bus resource [mem 0x80000000-0xfdffffff window]
[    0.460004] pci_bus 0000:00: root bus resource [bus 00-ff]
[    0.470301] pci 0000:00:01.1: legacy IDE quirk: reg 0x10: [io  0x01f0-0x01f7]
[    0.472017] pci 0000:00:01.1: legacy IDE quirk: reg 0x14: [io  0x03f6]
[    0.476004] pci 0000:00:01.1: legacy IDE quirk: reg 0x18: [io  0x0170-0x0177]
[    0.480004] pci 0000:00:01.1: legacy IDE quirk: reg 0x1c: [io  0x0376]
[    0.552435] pci 0000:00:07.0: quirk: [io  0x4000-0x403f] claimed by PIIX4 ACPI
[    0.556024] pci 0000:00:07.0: quirk: [io  0x4100-0x410f] claimed by PIIX4 SMB
[    0.572992] ACPI: PCI Interrupt Link [LNKA] (IRQs 5 9 10 *11)
[    0.576422] ACPI: PCI Interrupt Link [LNKB] (IRQs 5 9 *10 11)
[    0.580150] ACPI: PCI Interrupt Link [LNKC] (IRQs 5 *9 10 11)
[    0.588066] ACPI: PCI Interrupt Link [LNKD] (IRQs 5 9 10 *11)
[    0.596508] SCSI subsystem initialized
[    0.600276] pci 0000:00:02.0: vgaarb: setting as boot VGA device
[    0.604000] pci 0000:00:02.0: vgaarb: VGA device added: decodes=io+mem,owns=io+mem,locks=none
[    0.604009] pci 0000:00:02.0: vgaarb: bridge control possible
[    0.608003] vgaarb: loaded
[    0.612095] ACPI: bus type USB registered
[    0.616023] usbcore: registered new interface driver usbfs
[    0.620068] usbcore: registered new interface driver hub
[    0.624013] usbcore: registered new device driver usb
[    0.628207] EDAC MC: Ver: 3.0.0
[    0.636444] PCI: Using ACPI for IRQ routing
[    0.644323] NetLabel: Initializing
[    0.648002] NetLabel:  domain hash size = 128
[    0.652002] NetLabel:  protocols = UNLABELED CIPSOv4 CALIPSO
[    0.656120] NetLabel:  unlabeled traffic allowed by default
[    0.664085] clocksource: Switched to clocksource kvm-clock
[    0.730649] VFS: Disk quotas dquot_6.6.0
[    0.734826] VFS: Dquot-cache hash table entries: 512 (order 0, 4096 bytes)
[    0.740745] AppArmor: AppArmor Filesystem Enabled
[    0.745017] pnp: PnP ACPI init
[    0.749537] pnp: PnP ACPI: found 3 devices
[    0.760874] clocksource: acpi_pm: mask: 0xffffff max_cycles: 0xffffff, max_idle_ns: 2085701024 ns
[    0.768189] NET: Registered protocol family 2
[    0.772725] TCP established hash table entries: 16384 (order: 5, 131072 bytes)
[    0.778673] TCP bind hash table entries: 16384 (order: 6, 262144 bytes)
[    0.785615] TCP: Hash tables configured (established 16384 bind 16384)
[    0.791636] UDP hash table entries: 1024 (order: 3, 32768 bytes)
[    0.797602] UDP-Lite hash table entries: 1024 (order: 3, 32768 bytes)
[    0.802713] NET: Registered protocol family 1
[    0.807420] pci 0000:00:00.0: Limiting direct PCI/PCI transfers
[    0.813341] pci 0000:00:01.0: Activating ISA DMA hang workarounds
[    0.818477] pci 0000:00:02.0: Video device with shadowed ROM at [mem 0x000c0000-0x000dffff]
[    0.825979] Unpacking initramfs...
[    1.430809] Freeing initrd memory: 19520K
[    1.435959] clocksource: tsc: mask: 0xffffffffffffffff max_cycles: 0x255cbc978bf, max_idle_ns: 440795251759 ns
[    1.447052] platform rtc_cmos: registered platform RTC device (no PNP device found)
[    1.454695] Scanning for low memory corruption every 60 seconds
[    1.463493] Initialise system trusted keyrings
[    1.468313] Key type blacklist registered
[    1.471497] workingset: timestamp_bits=36 max_order=19 bucket_order=0
[    1.482124] zbud: loaded
[    1.486181] squashfs: version 4.0 (2009/01/31) Phillip Lougher
[    1.491348] fuse init (API version 7.26)
[    1.498658] Key type asymmetric registered
[    1.501987] Asymmetric key parser 'x509' registered
[    1.506597] Block layer SCSI generic (bsg) driver version 0.4 loaded (major 246)
[    1.513135] io scheduler noop registered
[    1.516400] io scheduler deadline registered
[    1.520838] io scheduler cfq registered (default)
[    1.526529] ACPI: AC Adapter [AC] (on-line)
[    1.530902] input: Power Button as /devices/LNXSYSTM:00/LNXPWRBN:00/input/input0
[    1.537149] ACPI: Power Button [PWRF]
[    1.541057] input: Sleep Button as /devices/LNXSYSTM:00/LNXSLPBN:00/input/input1
[    1.548223] ACPI: Sleep Button [SLPF]
[    1.553396] ACPI: Battery Slot [BAT0] (battery present)
[    1.558619] Serial: 8250/16550 driver, 32 ports, IRQ sharing enabled
[    1.596681] 00:02: ttyS0 at I/O 0x3f8 (irq = 4, base_baud = 115200) is a 16550A
[    1.608779] Linux agpgart interface v0.103
[    1.622084] loop: module loaded
[    1.627275] scsi host0: ata_piix
[    1.630832] scsi host1: ata_piix
[    1.633512] ata1: PATA max UDMA/33 cmd 0x1f0 ctl 0x3f6 bmdma 0xd000 irq 14
[    1.638272] ata2: PATA max UDMA/33 cmd 0x170 ctl 0x376 bmdma 0xd008 irq 15
[    1.644856] libphy: Fixed MDIO Bus: probed
[    1.648749] tun: Universal TUN/TAP device driver, 1.6
[    1.652505] PPP generic driver version 2.4.2
[    1.656040] ehci_hcd: USB 2.0 'Enhanced' Host Controller (EHCI) Driver
[    1.662098] ehci-pci: EHCI PCI platform driver
[    1.666874] ehci-platform: EHCI generic platform driver
[    1.672503] ohci_hcd: USB 1.1 'Open' Host Controller (OHCI) Driver
[    1.677618] ohci-pci: OHCI PCI platform driver
[    1.681960] ohci-platform: OHCI generic platform driver
[    1.686247] uhci_hcd: USB Universal Host Controller Interface driver
[    1.690978] i8042: PNP: PS/2 Controller [PNP0303:PS2K,PNP0f03:PS2M] at 0x60,0x64 irq 1,12
[    1.700843] serio: i8042 KBD port at 0x60,0x64 irq 1
[    1.705135] serio: i8042 AUX port at 0x60,0x64 irq 12
[    1.709169] mousedev: PS/2 mouse device common for all mice
[    1.716359] input: AT Translated Set 2 keyboard as /devices/platform/i8042/serio0/input/input2
[    1.724770] rtc_cmos rtc_cmos: rtc core: registered rtc_cmos as rtc0
[    1.730303] rtc_cmos rtc_cmos: alarms up to one day, 114 bytes nvram
[    1.735555] i2c /dev entries driver
[    1.738794] device-mapper: uevent: version 1.0.3
[    1.744208] device-mapper: ioctl: 4.37.0-ioctl (2017-09-20) initialised: dm-devel@redhat.com
[    1.750909] ledtrig-cpu: registered to indicate activity on CPUs
[    1.756250] NET: Registered protocol family 10
[    1.764173] Segment Routing with IPv6
[    1.768121] NET: Registered protocol family 17
[    1.771484] Key type dns_resolver registered
[    1.775633] mce: Using 0 MCE banks
[    1.779045] RAS: Correctable Errors collector initialized.
[    1.783552] sched_clock: Marking stable (1783499480, 0)->(2929257457, -1145757977)
[    1.791074] registered taskstats version 1
[    1.795160] Loading compiled-in X.509 certificates
[    1.856326] Loaded X.509 cert 'Build time autogenerated kernel key: 94c1dbbf9057c249d34783f9fbd868815acc6f0a'
[    1.866146] Loaded X.509 cert 'Canonical Ltd. Live Patch Signing: 14df34d1a87cf37625abec039ef2bf521249b969'
[    1.874347] Loaded X.509 cert 'Canonical Ltd. Kernel Module Signing: 88f752e560a1e0737e31163a466ad7b70a850c19'
[    1.882966] zswap: loaded using pool lzo/zbud
[    1.889416] Key type big_key registered
[    1.893047] Key type trusted registered
[    1.898753] Key type encrypted registered
[    1.902563] AppArmor: AppArmor sha1 policy hashing enabled
[    1.906341] ima: No TPM chip found, activating TPM-bypass! (rc=-19)
[    1.911010] ima: Allocated hash algorithm: sha1
[    1.915216] evm: HMAC attrs: 0x1
[    1.918156]   Magic number: 9:634:484
[    1.921388] rtc_cmos rtc_cmos: setting system clock to 2021-06-03 14:27:07 UTC (1622730427)
[    1.927350] BIOS EDD facility v0.16 2004-Jun-25, 0 devices found
[    1.932740] EDD information not available.
[    1.939787] Freeing unused kernel image memory: 2444K
[    1.952837] Write protecting the kernel read-only data: 20480k
[    1.958994] Freeing unused kernel image memory: 2008K
[    1.964646] Freeing unused kernel image memory: 1828K
[    1.980085] x86/mm: Checked W+X mappings: passed, no W+X pages found.
[    1.986739] x86/mm: Checking user space page tables
[    1.997005] x86/mm: Checked W+X mappings: passed, no W+X pages found.
Loading, please wait...
starting version 237
[    2.136461] e1000: Intel(R) PRO/1000 Network Driver - version 7.3.21-k8-NAPI
[    2.144626] e1000: Copyright (c) 1999-2006 Intel Corporation.
[    2.155678] Fusion MPT base driver 3.04.20
[    2.160047] Copyright (c) 1999-2008 LSI Corporation
[    2.239043] Fusion MPT SPI Host driver 3.04.20
[    2.437047] input: ImExPS/2 Generic Explorer Mouse as /devices/platform/i8042/serio1/input/input4
[    3.006613] e1000 0000:00:03.0 eth0: (PCI:33MHz:32-bit) 02:e4:62:7a:03:98
[    3.013840] e1000 0000:00:03.0 eth0: Intel(R) PRO/1000 Network Connection
[    3.021473] mptbase: ioc0: Initiating bringup
[    3.127205] ioc0: LSI53C1030 A0: Capabilities={Initiator}
[    3.386964] scsi host2: ioc0: LSI53C1030 A0, FwRev=00000000h, Ports=1, MaxQ=256, IRQ=20
[    3.565526] random: fast init done
[    3.568937] scsi 2:0:0:0: Direct-Access     VBOX     HARDDISK         1.0  PQ: 0 ANSI: 5
[    3.577909] random: systemd-udevd: uninitialized urandom read (16 bytes read)
[    3.584376] scsi target2:0:0: Beginning Domain Validation
[    3.589319] random: systemd-udevd: uninitialized urandom read (16 bytes read)
[    3.598090] random: systemd-udevd: uninitialized urandom read (16 bytes read)
[    3.613064] scsi target2:0:0: Domain Validation skipping write tests
[    3.619388] scsi target2:0:0: Ending Domain Validation
[    3.644512] scsi target2:0:0: asynchronous
[    3.660379] scsi 2:0:1:0: Direct-Access     VBOX     HARDDISK         1.0  PQ: 0 ANSI: 5
[    3.676965] scsi target2:0:1: Beginning Domain Validation
[    3.707019] scsi target2:0:1: Domain Validation skipping write tests
[    3.714640] scsi target2:0:1: Ending Domain Validation
[    3.741472] scsi target2:0:1: asynchronous
[    3.835200] sd 2:0:0:0: Attached scsi generic sg0 type 0
[    3.843119] sd 2:0:0:0: [sda] 83886080 512-byte logical blocks: (42.9 GB/40.0 GiB)
[    3.860764] sd 2:0:1:0: [sdb] 20480 512-byte logical blocks: (10.5 MB/10.0 MiB)
[    3.867432] sd 2:0:1:0: Attached scsi generic sg1 type 0
[    3.873081] sd 2:0:1:0: [sdb] Write Protect is off
[    3.876812] sd 2:0:0:0: [sda] Write Protect is off
[    3.890510] sd 2:0:1:0: [sdb] Incomplete mode parameter data
[    3.897939] sd 2:0:1:0: [sdb] Assuming drive cache: write through
[    3.904274] sd 2:0:0:0: [sda] Incomplete mode parameter data
[    3.908885] sd 2:0:0:0: [sda] Assuming drive cache: write through
[    3.946038]  sda: sda1
[    3.953933] sd 2:0:0:0: [sda] Attached SCSI disk
[    3.958266] sd 2:0:1:0: [sdb] Attached SCSI disk
[    4.490648] e1000 0000:00:08.0 eth1: (PCI:33MHz:32-bit) 08:00:27:f1:c0:72
[    4.498837] e1000 0000:00:08.0 eth1: Intel(R) PRO/1000 Network Connection
[    4.506191] e1000 0000:00:08.0 enp0s8: renamed from eth1
[    4.521723] e1000 0000:00:03.0 enp0s3: renamed from eth0
Begin: Loading essential drivers ... [    6.796057] raid6: sse2x1   gen() 10155 MB/s
[    6.848388] raid6: sse2x1   xor()  5118 MB/s
[    6.902826] raid6: sse2x2   gen() 10872 MB/s
[    6.956335] raid6: sse2x2   xor()  5939 MB/s
[    7.009305] raid6: sse2x4   gen() 10339 MB/s
[    7.064285] raid6: sse2x4   xor()  9178 MB/s
[    7.068426] raid6: using algorithm sse2x2 gen() 10872 MB/s
[    7.073056] raid6: .... xor() 5939 MB/s, rmw enabled
[    7.078294] raid6: using ssse3x2 recovery algorithm
[    7.084853] xor: measuring software checksum speed
[    7.192092]    prefetch64-sse: 44260.000 MB/sec
[    7.300148]    generic_sse: 47999.000 MB/sec
[    7.304324] xor: using function: generic_sse (47999.000 MB/sec)
[    7.311086] async_tx: api initialized (async)
done.
Begin: Running /scripts/init-premount ... done.
Begin: Mounting root file system ... Begin: Running /scripts/local-top ... done.
Begin: Running /scripts/local-premount ... [    7.380122] Btrfs loaded, crc32c=crc32c-intel
Scanning for Btrfs filesystems
done.
Warning: fsck not present, so skipping root file system
[    7.437557] EXT4-fs (sda1): mounted filesystem with ordered data mode. Opts: (null)
done.
Begin: Running /scripts/local-bottom ... done.
Begin: Running /scripts/init-bottom ... done.
[    7.706129] ip_tables: (C) 2000-2006 Netfilter Core Team
[    7.732246] systemd[1]: systemd 237 running in system mode. (+PAM +AUDIT +SELINUX +IMA +APPARMOR +SMACK +SYSVINIT +UTMP +LIBCRYPTSETUP +GCRYPT +GNUTLS +ACL +XZ +LZ4 +SECCOMP +BLKID +ELFUTILS +KMOD -IDN2 +IDN -PCRE2 default-hierarchy=hybrid)
[    7.750585] systemd[1]: Detected virtualization oracle.
[    7.754618] systemd[1]: Detected architecture x86-64.

Welcome to [1mUbuntu 18.04.5 LTS[0m!

[    7.763964] systemd[1]: Set hostname to <ubuntu>.
[    7.778219] systemd[1]: Initializing machine ID from random generator.
[    7.783566] systemd[1]: Installed transient /etc/machine-id file.
[    8.170350] systemd[1]: Reached target User and Group Name Lookups.
[[0;32m  OK  [0m] Reached target User and Group Name Lookups.
[    8.181357] systemd[1]: Created slice User and Session Slice.
[[0;32m  OK  [0m] Created slice User and Session Slice.
[    8.190953] systemd[1]: Created slice System Slice.
[[0;32m  OK  [0m] Created slice System Slice.
[    8.199439] systemd[1]: Listening on Journal Socket (/dev/log).
[[0;32m  OK  [0m] Listening on Journal Socket (/dev/log).
[[0;32m  OK  [0m] Listening on Journal Audit Socket.
[[0;32m  OK  [0m] Listening on /dev/initctl Compatibility Named Pipe.
[[0;32m  OK  [0m] Listening on LVM2 metadata daemon socket.
[[0;32m  OK  [0m] Listening on Network Service Netlink Socket.
[[0;32m  OK  [0m] Listening on Journal Socket.
         Mounting POSIX Message Queue File System...
         Starting Set the console keyboard layout...
         Starting Create list of required st…ce nodes for the current kernel...
[[0;32m  OK  [0m] Listening on Syslog Socket.
[[0;32m  OK  [0m] Listening on Device-mapper event daemon FIFOs.
         Starting Uncomplicated firewall...
[[0;32m  OK  [0m] Listening on udev Kernel Socket.
[[0;32m  OK  [0m] Reached target Swap.
[[0;32m  OK  [0m] Created slice system-serial\x2dgetty.slice.
         Starting Monitoring of LVM2 mirrors…ng dmeventd or progress polling...
         Mounting Huge Pages File System...
[[0;32m  OK  [0m] Listening on udev Control Socket.
         Starting udev Coldplug all Devices...
         Mounting Kernel Debug File System...
[[0;32m  OK  [0m] Started Forward Password Requests to Wall Directory Watch.
         Starting Journal Service...
         Starting Load Kernel Modules...
[[0;32m  OK  [0m] Reached target Slices.
[[0;32m  OK  [0m] Listening on fsck to fsckd communication Socket.
         Starting File System Check on Root Device...
[[0;32m  OK  [0m] Listening on LVM2 poll daemon socket.
[[0;32m  OK  [0m] Reached target System Time Synchronized.
[[0;32m  OK  [0m] Set up automount Arbitrary Executab…rmats File System Automount Point.
[    8.466695] Loading iSCSI transport class v2.0-870.
[    8.476956] iscsi: registered transport (tcp)
[    8.502283] iscsi: registered transport (iser)
[[0;32m  OK  [0m] Started Journal Service.
[[0;32m  OK  [0m] Mounted POSIX Message Queue File System.
[[0;32m  OK  [0m] Started Create list of required sta…vice nodes for the current kernel.
[[0;32m  OK  [0m] Started Uncomplicated firewall.
[[0;32m  OK  [0m] Mounted Huge Pages File System.
[[0;32m  OK  [0m] Mounted Kernel Debug File System.
[[0;32m  OK  [0m] Started Load Kernel Modules.
[[0;32m  OK  [0m] Started File System Check Daemon to report status.
[[0;32m  OK  [0m] Started LVM2 metadata daemon.
         Mounting FUSE Control File System...
         Starting Apply Kernel Variables...
         Mounting Kernel Configuration File System...
         Starting Create Static Device Nodes in /dev...
[[0;32m  OK  [0m] Started File System Check on Root Device.
[[0;32m  OK  [0m] Mounted FUSE Control File System.
[[0;32m  OK  [0m] Mounted Kernel Configuration File System.
         Starting Remount Root and Kernel File Systems...
[[0;32m  OK  [0m] Started udev Coldplug all Devices.
[[0;32m  OK  [0m] Started Create Static Device Nodes in /dev.
[[0;32m  OK  [0m] Started Apply Kernel Variables.
[[0;32m  OK  [0m] Started Remount Root and Kernel File Systems.
         Starting Load/Save Random Seed...
         Starting Flush Journal to Persistent Storage...
         Starting udev Kernel Device Manager...
[[0;32m  OK  [0m] Started Monitoring of LVM2 mirrors,…sing dmeventd or progress polling.
[[0;32m  OK  [0m] Started Load/Save Random Seed.
[[0;32m  OK  [0m] Started udev Kernel Device Manager.
[[0;32m  OK  [0m] Started Flush Journal to Persistent Storage.
[[0;32m  OK  [0m] Found device /dev/ttyS0.
[[0;32m  OK  [0m] Listening on Load/Save RF Kill Switch Status /dev/rfkill Watch.
[[0;32m  OK  [0m] Started Set the console keyboard layout.
[[0;32m  OK  [0m] Started Dispatch Password Requests to Console Directory Watch.
[[0;32m  OK  [0m] Reached target Local Encrypted Volumes.
[[0;32m  OK  [0m] Reached target Local File Systems (Pre).
[[0;32m  OK  [0m] Reached target Local File Systems.
         Starting Create Volatile Files and Directories...
         Starting Set console font and keymap...
         Starting AppArmor initialization...
         Starting Commit a transient machine-id on disk...
         Starting ebtables ruleset management...
         Starting Tell Plymouth To Write Out Runtime Data...
[[0;32m  OK  [0m] Started Set console font and keymap.
[[0;32m  OK  [0m] Started Tell Plymouth To Write Out Runtime Data.
[[0;32m  OK  [0m] Started Commit a transient machine-id on disk.
[[0;32m  OK  [0m] Started Create Volatile Files and Directories.
         Starting Update UTMP about System Boot/Shutdown...
[[0;32m  OK  [0m] Started Update UTMP about System Boot/Shutdown.
[[0;32m  OK  [0m] Started ebtables ruleset management.
[[0;32m  OK  [0m] Started AppArmor initialization.
         Starting Load AppArmor profiles managed internally by snapd...
         Starting Initial cloud-init job (pre-networking)...
[[0;32m  OK  [0m] Started Load AppArmor profiles managed internally by snapd.
[   13.385651] cloud-init[578]: Cloud-init v. 20.4.1-0ubuntu1~18.04.1 running 'init-local' at Thu, 03 Jun 2021 14:27:18 +0000. Up 12.84 seconds.
[[0;32m  OK  [0m] Started Initial cloud-init job (pre-networking).
[[0;32m  OK  [0m] Reached target Network (Pre).
         Starting Network Service...
[[0;32m  OK  [0m] Started Network Service.
         Starting Network Name Resolution...
         Starting Wait for Network to be Configured...
[[0;32m  OK  [0m] Started Network Name Resolution.
[[0;32m  OK  [0m] Reached target Host and Network Name Lookups.
[[0;32m  OK  [0m] Reached target Network.
[[0;32m  OK  [0m] Started Wait for Network to be Configured.
         Starting Initial cloud-init job (metadata service crawler)...
[   15.586437] cloud-init[667]: Cloud-init v. 20.4.1-0ubuntu1~18.04.1 running 'init' at Thu, 03 Jun 2021 14:27:21 +0000. Up 15.43 seconds.
[   15.599860] cloud-init[667]: ci-info: ++++++++++++++++++++++++++++++++++++++Net device info++++++++++++++++++++++++++++++++++++++
[   15.613527] cloud-init[667]: ci-info: +--------+-------+---------------------------+---------------+--------+-------------------+
[   15.631268] cloud-init[667]: ci-info: | Device |   Up  |          Address          |      Mask     | Scope  |     Hw-Address    |
[   15.646242] cloud-init[667]: ci-info: +--------+-------+---------------------------+---------------+--------+-------------------+
[   15.663048] cloud-init[667]: ci-info: | enp0s3 |  True |         10.0.2.15         | 255.255.255.0 | global | 02:e4:62:7a:03:98 |
[   15.673611] cloud-init[667]: ci-info: | enp0s3 |  True | fe80::e4:62ff:fe7a:398/64 |       .       |  link  | 02:e4:62:7a:03:98 |
[   15.683865] cloud-init[667]: ci-info: | enp0s8 | False |             .             |       .       |   .    | 08:00:27:f1:c0:72 |
[   15.699328] cloud-init[667]: ci-info: |   lo   |  True |         127.0.0.1         |   255.0.0.0   |  host  |         .         |
[   15.712535] cloud-init[667]: ci-info: |   lo   |  True |          ::1/128          |       .       |  host  |         .         |
[   15.722615] cloud-init[667]: ci-info: +--------+-------+---------------------------+---------------+--------+-------------------+
[   15.734005] cloud-init[667]: ci-info: ++++++++++++++++++++++++++++Route IPv4 info+++++++++++++++++++++++++++++
[   15.743557] cloud-init[667]: ci-info: +-------+-------------+----------+-----------------+-----------+-------+
[   15.755341] cloud-init[667]: ci-info: | Route | Destination | Gateway  |     Genmask     | Interface | Flags |
[   15.771029] cloud-init[667]: ci-info: +-------+-------------+----------+-----------------+-----------+-------+
[   15.784158] cloud-init[667]: ci-info: |   0   |   0.0.0.0   | 10.0.2.2 |     0.0.0.0     |   enp0s3  |   UG  |
[   15.800029] cloud-init[667]: ci-info: |   1   |   10.0.2.0  | 0.0.0.0  |  255.255.255.0  |   enp0s3  |   U   |
[   15.814199] cloud-init[667]: ci-info: |   2   |   10.0.2.2  | 0.0.0.0  | 255.255.255.255 |   enp0s3  |   UH  |
[   15.831180] cloud-init[667]: ci-info: +-------+-------------+----------+-----------------+-----------+-------+
[   15.841607] cloud-init[667]: ci-info: +++++++++++++++++++Route IPv6 info+++++++++++++++++++
[   15.865332] cloud-init[667]: ci-info: +-------+-------------+---------+-----------+-------+
[   15.871100] cloud-init[667]: ci-info: | Route | Destination | Gateway | Interface | Flags |
[   15.888039] cloud-init[667]: ci-info: +-------+-------------+---------+-----------+-------+
[   15.897154] cloud-init[667]: ci-info: |   1   |  fe80::/64  |    ::   |   enp0s3  |   U   |
[   15.909277] cloud-init[667]: ci-info: |   3   |    local    |    ::   |   enp0s3  |   U   |
[   15.922977] cloud-init[667]: ci-info: |   4   |   ff00::/8  |    ::   |   enp0s3  |   U   |
[   15.943678] cloud-init[667]: ci-info: +-------+-------------+---------+-----------+-------+
[   16.820809] cloud-init[667]: Generating public/private rsa key pair.
[   16.831503] cloud-init[667]: Your identification has been saved in /etc/ssh/ssh_host_rsa_key.
[   16.842520] cloud-init[667]: Your public key has been saved in /etc/ssh/ssh_host_rsa_key.pub.
[   16.857435] cloud-init[667]: The key fingerprint is:
[   16.877776] cloud-init[667]: SHA256:r4nWvr98Vl2b1Rj/pS+Fwgod6CPO9kCz8bIQdQJsZQs root@ubuntu-bionic
[   16.884556] cloud-init[667]: The key's randomart image is:
[   16.895316] cloud-init[667]: +---[RSA 2048]----+
[   16.899429] cloud-init[667]: |   .E.o          |
[   16.913942] cloud-init[667]: |    o+ .      .  |
[[0;32m  OK  [0m[   16.924457] cloud-init[667]: |   .  + ..     +.|] Started Initial cloud-init job (metadata service crawler).
[   16.933483] cloud-init[667]: 
[[0;32m  OK  [0m] Reached target Network is Online.
|     . o. .   . *|         Starting Availability of block devices...
[[0;32m  OK  [0m
[   16.961634] cloud-init[667]: ] Reached target Remote File Systems (Pre).
[[0;32m  OK  [0m] Reached target Remote File Systems.
[|    . +.S. o   +B|[0;32m  OK  [0m] 
[   16.982663] cloud-initReached target Cloud-config availability.
[[0;32m  OK  [0m] Reached target System Initialization.
[667]: [[0;32m  OK  [0m] |     o.=+.. o +o+|
[   16.999310] Started Message of the Day.
[[0;32m  OK  [0m] Listening on D-Bus System Message Bus Socket.cloud-init[667]: |    .o+o.o.. o o |
[[0;32m  OK  [0m] Started Daily Cleanup of Temporary Directories.
[   17.018841] cloud-init[667]: |     .==.+. o . .|
[   17.024143] 
         Starting Socket activation for snappy daemon.
cloud-init[667]: |     ooo*o++   . |
[[   17.045193] cloud-init[667]: [0;32m  OK  [0m] Started ACPI Events Check.
+----[SHA256]-----+
[   17.054788] cloud-init[[0;32m  OK  [0m] Reached target Paths.[667]: Generating public/private dsa key pair.
[   17.063526] 
cloud-init         Starting LXD - unix socket.
[[0;32m  OK  [0m[667]: Your identification has been saved in /etc/ssh/ssh_host_dsa_key.
] Started Daily apt download activities.
[[0;32m  OK  [0m] Listening on UUID daemon activation socket.[   17.089746] cloud-init[667]: 
[[0;32m  OK  [0m] Started Daily apt upgrade and clean activities.Your public key has been saved in /etc/ssh/ssh_host_dsa_key.pub.
[[0;32m  OK  [0m] Started Discard unused blocks once a week.
[   17.110577] cloud-init
[[0;32m  OK  [0m] Reached target Timers.[667]: The key fingerprint is:
[[0;32m  OK  [0m] 
[   17.125584] cloud-init[667]: SHA256:2j6lZ+GrVg9cJJPYxhotDwt4VoPzqy17JAh7gPHt6pE root@ubuntu-bionicListening on ACPID Listen Socket.
[[0;32m  OK  [0m] Listening on Open-iSCSI iscsid Socket.
[   17.138483] cloud-init[667]: The key's randomart image is:
[   17.143927] 
[[0;32m  OK  [0m] Started Availability of block devices.
[[0;32m  OK  [0mcloud-init[667]: +---[DSA 1024]----+
[   17.157701] cloud-init[667]: ] Listening on Socket activation for snappy daemon.
[[0;32m  OK  [0m] Listening on LXD - unix socket.|     . oo= .     |
[   17.175210] 
[[0;32m  OK  [0m] Reached target Sockets.
[[0;32m  OK  [0m] Reached target Basic System.cloud-init[667]: |.   . * =.O .    |

         Starting LSB: automatic crash report generation...[   17.199628] cloud-init[667]: | + . o + O +     |

         Starting Pollinate to seed the pseudo random number generator...
         Starting Dispatcher daemon for systemd-networkd...
         Starting Virtualbox guest utils...
[   17.236572] cloud-init[667]:          Starting LXD - container startup/shutdown...
         Starting Permit User Sessions...
         Starting Accounts Service...
         Starting System Logging Service...
[[0;32m  OK  [0m] |. + .   + . .    |Started Deferred execution scheduler.
[[0;32m  OK  [0m
] Started D-Bus System Message Bus.
[   17.309948] cloud-init[667]: |   = .  So .     |
[   17.327720] cloud-init[667]: |  ..+ .oo *      |
[   17.355987] cloud-init[667]: |  Eo  .=.= +     |
[   17.378618] cloud-init[667]: |  ..  o.* + .    |
[   17.425502] cloud-init[667]: | ..   .=o=..     |
[   17.447537] cloud-init[667]: +----[SHA256]-----+
[   17.465160] cloud-init[667]: Generating public/private ecdsa key pair.
[   17.479049] cloud-init[667]: Your identification has been saved in /etc/ssh/ssh_host_ecdsa_key.
[   17.502544] cloud-init[667]: Your public key has been saved in /etc/ssh/ssh_host_ecdsa_key.pub.
[   17.520565] cloud-init[667]: The key fingerprint is:
[   17.534956] cloud-init[667]: SHA256:4+3i//9cZAcPsb4rEbsLx98Z3WBW162nPQdTHbNcmls root@ubuntu-bionic
[   17.563322] cloud-init[667]: The key's randomart image is:
[   17.585385] cloud-init[667]: +---[ECDSA 256]---+
[   17.617178] cloud-init[667]: |              .o.|
[   17.649692] cloud-init[667]: |              .=O|[[0;32m  OK  [0m] Started Regular background program processing daemon.
         Starting Login Service...

[[0;32m  OK  [0m] Started FUSE filesystem for LXC.
[   17.722714] cloud-init[667]: |              *oE|
[[0;32m  OK  [0m] Started irqbalance daemon.
         Starting LSB: Record successful boot for GRUB...
[   17.799485] cloud-init         Starting Snap Daemon...
[[0;32m  OK  [0m] [667]: Started System Logging Service.
|            .. X.|[[0;32m  OK  [0m] Started LXD - container startup/shutdown.
[[0;32m  OK  [0m] Started Permit User Sessions.

         Starting Authorization Manager...
         Starting Hold until boot process finishes up...
[   17.922540]          Starting Terminate Plymouth Boot Screen...
[[0;32m  OK  [0m] Started Hold until boot process finishes up.
[[0;32m  OK  [0mcloud-init] Started Terminate Plymouth Boot Screen.
[[0;32m  OK  [0m] Started Serial Getty on ttyS0.
         Starting Set console scheme...
[667]: |        S    oX *|[[0;32m  OK  [0m] Started Login Service.
[[0;32m  OK  [0m] Started Set console scheme.

[[0;32m  OK  [0m[   18.047978] ] Created slice system-getty.slice.
[[0;32m  OK  [0m] Started Getty on tty1.
[[0;32m  OK  [0m] Reached target Login Prompts.
[[0;32m  OK  [0m] cloud-initStarted Unattended Upgrades Shutdown.
[667]: |       . o .oo @+|[[0;32m  OK  [0m] Started LSB: automatic crash report generation.

[[0;32m  OK  [0m] Started Authorization Manager.
[[0;32m  OK  [0m] [   18.190125] cloud-initStarted Accounts Service.
[667]: |        . o oooo*|
[   18.230677] cloud-init[667]: |        .. oo. +*|
[   18.284025] cloud-init[667]: |       ..oo.o++o+|
[   18.330094] cloud-init[667]: +----[SHA256]-----+[[0;32m  OK  [0m] Started LSB: Record successful boot for GRUB.

[   18.375105] cloud-init[667]: Generating public/private ed25519 key pair.
[   18.420512] cloud-init[667]: Your identification has been saved in /etc/ssh/ssh_host_ed25519_key.
[   18.460586] cloud-init[667]: Your public key has been saved in /etc/ssh/ssh_host_ed25519_key.pub.
[   18.496389] cloud-init[667]: The key fingerprint is:
[   18.522984] cloud-init[667]: SHA256:P3lX8umWRpJd/H+Pu8JBkkV96+pzwBQ/rzFpwbUEBy8 root@ubuntu-bionic
[   18.556543] cloud-init[667]: The key's randomart image is:
[   18.590786] cloud-init[667]: +--[ED25519 256]--+
[   18.612741] cloud-init[667]: |           ..+o. |
[   18.649703] cloud-init[667]: |            ..+.o|
[   18.686913] cloud-init[667]: |           o E+=o|
[   18.707792] cloud-init[667]: |          o ..+=o|
[   18.730825] cloud-init[667]: |        S  oo =o*|
[[0;32m  OK  [0m] Started Virtualbox guest utils.
[   18.775046] cloud-init[667]: |         . ..==B+|
[   18.819109] cloud-init[667]: |          +..o*=+|
[   18.866131] cloud-init[667]: |           oo+o*o|
[   18.916274] cloud-init[667]: |            .oO++|[[0;32m  OK  [0m] Started Dispatcher daemon for systemd-networkd.

[   18.948816] cloud-init[667]: +----[SHA256]-----+
[[0;32m  OK  [0m] Started Pollinate to seed the pseudo random number generator.
         Starting OpenBSD Secure Shell server...
[[0;32m  OK  [0m] Started OpenBSD Secure Shell server.
[[0;32m  OK  [0m] Started Snap Daemon.
         Starting Wait until snapd is fully seeded...
[[0;32m  OK  [0m] Created slice User Slice of vagrant.
         Starting User Manager for UID 1000...
[[0;32m  OK  [0m] Started Session 1 of user vagrant.
[[0;32m  OK  [0m] Started User Manager for UID 1000.
[[0;32m  OK  [0m] Started Wait until snapd is fully seeded.
         Starting Apply the settings specified in cloud-config...
[[0;32m  OK  [0m] Reached target Multi-User System.
[[0;32m  OK  [0m] Reached target Graphical Interface.
         Starting Update UTMP about System Runlevel Changes...
[[0;32m  OK  [0m] Started Update UTMP about System Runlevel Changes.
[   24.083496] cloud-init[1072]: Cloud-init v. 20.4.1-0ubuntu1~18.04.1 running 'modules:config' at Thu, 03 Jun 2021 14:27:28 +0000. Up 22.64 seconds.

Ubuntu 18.04.5 LTS ubuntu-bionic ttyS0

ubuntu-bionic login: ci-info: no authorized SSH keys fingerprints found for user ubuntu.
<14>Jun  3 14:27:30 ec2: 
<14>Jun  3 14:27:30 ec2: #############################################################
<14>Jun  3 14:27:30 ec2: -----BEGIN SSH HOST KEY FINGERPRINTS-----
<14>Jun  3 14:27:30 ec2: 1024 SHA256:2j6lZ+GrVg9cJJPYxhotDwt4VoPzqy17JAh7gPHt6pE root@ubuntu-bionic (DSA)
<14>Jun  3 14:27:31 ec2: 256 SHA256:4+3i//9cZAcPsb4rEbsLx98Z3WBW162nPQdTHbNcmls root@ubuntu-bionic (ECDSA)
<14>Jun  3 14:27:31 ec2: 256 SHA256:P3lX8umWRpJd/H+Pu8JBkkV96+pzwBQ/rzFpwbUEBy8 root@ubuntu-bionic (ED25519)
<14>Jun  3 14:27:31 ec2: 2048 SHA256:r4nWvr98Vl2b1Rj/pS+Fwgod6CPO9kCz8bIQdQJsZQs root@ubuntu-bionic (RSA)
<14>Jun  3 14:27:31 ec2: -----END SSH HOST KEY FINGERPRINTS-----
<14>Jun  3 14:27:31 ec2: #############################################################
-----BEGIN SSH HOST KEY KEYS-----
ecdsa-sha2-nistp256 AAAAE2VjZHNhLXNoYTItbmlzdHAyNTYAAAAIbmlzdHAyNTYAAABBBJfJhMImxsORa0wmp8XZmOzA+GjKNWXY8vBHuSDMaMz4U24uXbsFNitpcNzC2Up4pmI5zwrNIX59om8yUDsaStA= root@ubuntu-bionic
ssh-ed25519 AAAAC3NzaC1lZDI1NTE5AAAAINnCJcX2jQbvZGBYRRFUQfGnW5XYOdUA6jwS0Hxf+p0B root@ubuntu-bionic
ssh-rsa AAAAB3NzaC1yc2EAAAADAQABAAABAQDX8N5R2b73QNRWfjFwHHLr+pBBsK5jxGvhiD3vFTCpuPAiQeJXdxrijApPy6pswo3xc6gxzN+0hAydKwA7hk5EBAzzctWTtPPqxqaNUzkAHOfopCJLThKK9M/Q4j73CEY/ywZvAOTz8DHA/FD9W/B7syOKXLOreUustdnNXpdnGEGGO8gK3++/FbMDNG8x/ZwKaAyz8eho2pD4oW/364AU+m7TWWplnTtT5tZ61nhzG1ZGoZeP9Gj15wH1UX8Vd7Xgni+TYGx9EHOsLUSnswiNZkOWgixcD+fP4MXP9zkzhYUIAOacdkZnwWgNy1DfRWyUwp+i4mmx9l4ecMlhnbhF root@ubuntu-bionic
-----END SSH HOST KEY KEYS-----
[   25.534422] cloud-init[1199]: Cloud-init v. 20.4.1-0ubuntu1~18.04.1 running 'modules:final' at Thu, 03 Jun 2021 14:27:30 +0000. Up 25.16 seconds.
[   25.567443] cloud-init[1199]: ci-info: no authorized SSH keys fingerprints found for user ubuntu.
[   25.598015] cloud-init[1199]: Cloud-init v. 20.4.1-0ubuntu1~18.04.1 finished at Thu, 03 Jun 2021 14:27:31 +0000. Datasource DataSourceNoCloud [seed=/dev/sdb][dsmode=net].  Up 25.51 seconds
