[    0.000000] Linux version 4.15.0-141-generic (buildd@lcy01-amd64-022) (gcc version 7.5.0 (Ubuntu 7.5.0-3ubuntu1~18.04)) #145-Ubuntu SMP Wed Mar 24 18:08:07 UTC 2021 (Ubuntu 4.15.0-141.145-generic 4.15.18)
[    0.000000] Command line: BOOT_IMAGE=/boot/vmlinuz-4.15.0-141-generic root=LABEL=cloudimg-rootfs ro console=tty1 console=ttyS0
[    0.000000] KERNEL supported cpus:
[    0.000000]   Intel GenuineIntel
[    0.000000]   AMD AuthenticAMD
[    0.000000]   Centaur CentaurHauls
[    0.000000] x86/fpu: x87 FPU will use FXSAVE
[    0.000000] e820: BIOS-provided physical RAM map:
[    0.000000] BIOS-e820: [mem 0x0000000000000000-0x000000000009fbff] usable
[    0.000000] BIOS-e820: [mem 0x000000000009fc00-0x000000000009ffff] reserved
[    0.000000] BIOS-e820: [mem 0x00000000000f0000-0x00000000000fffff] reserved
[    0.000000] BIOS-e820: [mem 0x0000000000100000-0x000000007ffeffff] usable
[    0.000000] BIOS-e820: [mem 0x000000007fff0000-0x000000007fffffff] ACPI data
[    0.000000] BIOS-e820: [mem 0x00000000fec00000-0x00000000fec00fff] reserved
[    0.000000] BIOS-e820: [mem 0x00000000fee00000-0x00000000fee00fff] reserved
[    0.000000] BIOS-e820: [mem 0x00000000fffc0000-0x00000000ffffffff] reserved
[    0.000000] NX (Execute Disable) protection: active
[    0.000000] SMBIOS 2.5 present.
[    0.000000] DMI: innotek GmbH VirtualBox/VirtualBox, BIOS VirtualBox 12/01/2006
[    0.000000] Hypervisor detected: KVM
[    0.000000] e820: last_pfn = 0x7fff0 max_arch_pfn = 0x400000000
[    0.000000] MTRR: Disabled
[    0.000000] x86/PAT: MTRRs disabled, skipping PAT initialization too.
[    0.000000] CPU MTRRs all blank - virtualized system.
[    0.000000] x86/PAT: Configuration [0-7]: WB  WT  UC- UC  WB  WT  UC- UC  
[    0.000000] found SMP MP-table at [mem 0x0009fff0-0x0009ffff]
[    0.000000] Scanning 1 areas for low memory corruption
[    0.000000] RAMDISK: [mem 0x359cf000-0x36cdefff]
[    0.000000] ACPI: Early table checksum verification disabled
[    0.000000] ACPI: RSDP 0x00000000000E0000 000024 (v02 VBOX  )
[    0.000000] ACPI: XSDT 0x000000007FFF0030 00003C (v01 VBOX   VBOXXSDT 00000001 ASL  00000061)
[    0.000000] ACPI: FACP 0x000000007FFF00F0 0000F4 (v04 VBOX   VBOXFACP 00000001 ASL  00000061)
[    0.000000] ACPI: DSDT 0x000000007FFF0470 002325 (v02 VBOX   VBOXBIOS 00000002 INTL 20100528)
[    0.000000] ACPI: FACS 0x000000007FFF0200 000040
[    0.000000] ACPI: FACS 0x000000007FFF0200 000040
[    0.000000] ACPI: APIC 0x000000007FFF0240 000054 (v02 VBOX   VBOXAPIC 00000001 ASL  00000061)
[    0.000000] ACPI: SSDT 0x000000007FFF02A0 0001CC (v01 VBOX   VBOXCPUT 00000002 INTL 20100528)
[    0.000000] No NUMA configuration found
[    0.000000] Faking a node at [mem 0x0000000000000000-0x000000007ffeffff]
[    0.000000] NODE_DATA(0) allocated [mem 0x7ffc5000-0x7ffeffff]
[    0.000000] kvm-clock: cpu 0, msr 0:7ff44001, primary cpu clock
[    0.000000] kvm-clock: Using msrs 4b564d01 and 4b564d00
[    0.000000] kvm-clock: using sched offset of 5203664929 cycles
[    0.000000] clocksource: kvm-clock: mask: 0xffffffffffffffff max_cycles: 0x1cd42e4dffb, max_idle_ns: 881590591483 ns
[    0.000000] Zone ranges:
[    0.000000]   DMA      [mem 0x0000000000001000-0x0000000000ffffff]
[    0.000000]   DMA32    [mem 0x0000000001000000-0x000000007ffeffff]
[    0.000000]   Normal   empty
[    0.000000]   Device   empty
[    0.000000] Movable zone start for each node
[    0.000000] Early memory node ranges
[    0.000000]   node   0: [mem 0x0000000000001000-0x000000000009efff]
[    0.000000]   node   0: [mem 0x0000000000100000-0x000000007ffeffff]
[    0.000000] Reserved but unavailable: 98 pages
[    0.000000] Initmem setup node 0 [mem 0x0000000000001000-0x000000007ffeffff]
[    0.000000] ACPI: PM-Timer IO Port: 0x4008
[    0.000000] IOAPIC[0]: apic_id 1, version 32, address 0xfec00000, GSI 0-23
[    0.000000] ACPI: INT_SRC_OVR (bus 0 bus_irq 0 global_irq 2 dfl dfl)
[    0.000000] ACPI: INT_SRC_OVR (bus 0 bus_irq 9 global_irq 9 low level)
[    0.000000] Using ACPI (MADT) for SMP configuration information
[    0.000000] smpboot: Allowing 1 CPUs, 0 hotplug CPUs
[    0.000000] PM: Registered nosave memory: [mem 0x00000000-0x00000fff]
[    0.000000] PM: Registered nosave memory: [mem 0x0009f000-0x0009ffff]
[    0.000000] PM: Registered nosave memory: [mem 0x000a0000-0x000effff]
[    0.000000] PM: Registered nosave memory: [mem 0x000f0000-0x000fffff]
[    0.000000] e820: [mem 0x80000000-0xfebfffff] available for PCI devices
[    0.000000] Booting paravirtualized kernel on KVM
[    0.000000] clocksource: refined-jiffies: mask: 0xffffffff max_cycles: 0xffffffff, max_idle_ns: 7645519600211568 ns
[    0.000000] random: get_random_bytes called from start_kernel+0x99/0x500 with crng_init=0
[    0.000000] setup_percpu: NR_CPUS:8192 nr_cpumask_bits:1 nr_cpu_ids:1 nr_node_ids:1
[    0.000000] percpu: Embedded 45 pages/cpu s147456 r8192 d28672 u2097152
[    0.000000] PV qspinlock hash table entries: 256 (order: 0, 4096 bytes)
[    0.000000] Built 1 zonelists, mobility grouping on.  Total pages: 515961
[    0.000000] Policy zone: DMA32
[    0.000000] Kernel command line: BOOT_IMAGE=/boot/vmlinuz-4.15.0-141-generic root=LABEL=cloudimg-rootfs ro console=tty1 console=ttyS0
[    0.000000] Memory: 2015092K/2096696K available (12300K kernel code, 2483K rwdata, 4316K rodata, 2444K init, 2724K bss, 81604K reserved, 0K cma-reserved)
[    0.000000] SLUB: HWalign=64, Order=0-3, MinObjects=0, CPUs=1, Nodes=1
[    0.000000] Kernel/User page tables isolation: enabled
[    0.000000] ftrace: allocating 39434 entries in 155 pages
[    0.004000] Hierarchical RCU implementation.
[    0.004000] 	RCU restricting CPUs from NR_CPUS=8192 to nr_cpu_ids=1.
[    0.004000] 	Tasks RCU enabled.
[    0.004000] RCU: Adjusting geometry for rcu_fanout_leaf=16, nr_cpu_ids=1
[    0.004000] NR_IRQS: 524544, nr_irqs: 256, preallocated irqs: 16
[    0.004000] Console: colour VGA+ 80x25
[    0.004000] console [tty1] enabled
[    0.004000] console [ttyS0] enabled
[    0.004000] ACPI: Core revision 20170831
[    0.004000] ACPI: 2 ACPI AML tables successfully acquired and loaded
[    0.004000] APIC: Switch to symmetric I/O mode setup
[    0.008000] ..TIMER: vector=0x30 apic1=0 pin1=2 apic2=-1 pin2=-1
[    0.008005] tsc: Detected 2592.006 MHz processor
[    0.012011] Calibrating delay loop (skipped) preset value.. 5184.01 BogoMIPS (lpj=10368024)
[    0.016004] pid_max: default: 32768 minimum: 301
[    0.020068] Security Framework initialized
[    0.024004] Yama: becoming mindful.
[    0.028029] AppArmor: AppArmor initialized
[    0.046422] Dentry cache hash table entries: 262144 (order: 9, 2097152 bytes)
[    0.058216] Inode-cache hash table entries: 131072 (order: 8, 1048576 bytes)
[    0.060227] Mount-cache hash table entries: 4096 (order: 3, 32768 bytes)
[    0.064162] Mountpoint-cache hash table entries: 4096 (order: 3, 32768 bytes)
[    0.069412] Last level iTLB entries: 4KB 64, 2MB 8, 4MB 8
[    0.072004] Last level dTLB entries: 4KB 64, 2MB 0, 4MB 0, 1GB 4
[    0.076004] Spectre V1 : Mitigation: usercopy/swapgs barriers and __user pointer sanitization
[    0.080004] Spectre V2 : Mitigation: Full generic retpoline
[    0.084003] Spectre V2 : Spectre v2 / SpectreRSB mitigation: Filling RSB on context switch
[    0.088003] Speculative Store Bypass: Vulnerable
[    0.092042] MDS: Mitigation: Clear CPU buffers
[    0.104030] Freeing SMP alternatives memory: 36K
[    0.224488] smpboot: CPU0: Intel(R) Core(TM) i7-9750H CPU @ 2.60GHz (family: 0x6, model: 0x9e, stepping: 0xa)
[    0.228512] Performance Events: unsupported p6 CPU model 158 no PMU driver, software events only.
[    0.232147] Hierarchical SRCU implementation.
[    0.237122] NMI watchdog: Perf event create on CPU 0 failed with -2
[    0.240003] NMI watchdog: Perf NMI watchdog permanently disabled
[    0.244369] smp: Bringing up secondary CPUs ...
[    0.248004] smp: Brought up 1 node, 1 CPU
[    0.252003] smpboot: Max logical packages: 1
[    0.256103] smpboot: Total of 1 processors activated (5184.01 BogoMIPS)
[    0.260351] devtmpfs: initialized
[    0.264099] x86/mm: Memory block size: 128MB
[    0.268864] evm: security.selinux
[    0.272005] evm: security.SMACK64
[    0.276004] evm: security.SMACK64EXEC
[    0.280003] evm: security.SMACK64TRANSMUTE
[    0.284002] evm: security.SMACK64MMAP
[    0.287321] evm: security.apparmor
[    0.288003] evm: security.ima
[    0.292007] evm: security.capability
[    0.296189] clocksource: jiffies: mask: 0xffffffff max_cycles: 0xffffffff, max_idle_ns: 7645041785100000 ns
[    0.300020] futex hash table entries: 256 (order: 2, 16384 bytes)
[    0.304138] pinctrl core: initialized pinctrl subsystem
[    0.308434] RTC time: 14:27:54, date: 06/03/21
[    0.312595] NET: Registered protocol family 16
[    0.316190] audit: initializing netlink subsys (disabled)
[    0.320734] cpuidle: using governor ladder
[    0.324006] audit: type=2000 audit(1622730481.175:1): state=initialized audit_enabled=0 res=1
[    0.328005] cpuidle: using governor menu
[    0.332092] ACPI: bus type PCI registered
[    0.336004] acpiphp: ACPI Hot Plug PCI Controller Driver version: 0.5
[    0.340569] PCI: Using configuration type 1 for base access
[    0.350280] HugeTLB registered 2.00 MiB page size, pre-allocated 0 pages
[    0.352886] ACPI: Added _OSI(Module Device)
[    0.356007] ACPI: Added _OSI(Processor Device)
[    0.360003] ACPI: Added _OSI(3.0 _SCP Extensions)
[    0.364003] ACPI: Added _OSI(Processor Aggregator Device)
[    0.368012] ACPI: Added _OSI(Linux-Dell-Video)
[    0.372016] ACPI: Added _OSI(Linux-Lenovo-NV-HDMI-Audio)
[    0.376005] ACPI: Added _OSI(Linux-HPI-Hybrid-Graphics)
[    0.384228] ACPI: Executed 1 blocks of module-level executable AML code
[    0.399764] ACPI: Interpreter enabled
[    0.400019] ACPI: (supports S0 S5)
[    0.404004] ACPI: Using IOAPIC for interrupt routing
[    0.408501] PCI: Using host bridge windows from ACPI; if necessary, use "pci=nocrs" and report a bug
[    0.412252] ACPI: Enabled 2 GPEs in block 00 to 07
[    0.427420] ACPI: PCI Root Bridge [PCI0] (domain 0000 [bus 00-ff])
[    0.428008] acpi PNP0A03:00: _OSC: OS supports [ASPM ClockPM Segments MSI]
[    0.432645] acpi PNP0A03:00: _OSC: not requesting OS control; OS requires [ExtendedConfig ASPM ClockPM MSI]
[    0.436014] acpi PNP0A03:00: fail to add MMCONFIG information, can't access extended PCI configuration space under this bridge.
[    0.440781] PCI host bridge to bus 0000:00
[    0.444007] pci_bus 0000:00: root bus resource [io  0x0000-0x0cf7 window]
[    0.448010] pci_bus 0000:00: root bus resource [io  0x0d00-0xffff window]
[    0.452012] pci_bus 0000:00: root bus resource [mem 0x000a0000-0x000bffff window]
[    0.456011] pci_bus 0000:00: root bus resource [mem 0x80000000-0xfdffffff window]
[    0.460012] pci_bus 0000:00: root bus resource [bus 00-ff]
[    0.470185] pci 0000:00:01.1: legacy IDE quirk: reg 0x10: [io  0x01f0-0x01f7]
[    0.472007] pci 0000:00:01.1: legacy IDE quirk: reg 0x14: [io  0x03f6]
[    0.476005] pci 0000:00:01.1: legacy IDE quirk: reg 0x18: [io  0x0170-0x0177]
[    0.480009] pci 0000:00:01.1: legacy IDE quirk: reg 0x1c: [io  0x0376]
[    0.554038] pci 0000:00:07.0: quirk: [io  0x4000-0x403f] claimed by PIIX4 ACPI
[    0.556031] pci 0000:00:07.0: quirk: [io  0x4100-0x410f] claimed by PIIX4 SMB
[    0.578018] ACPI: PCI Interrupt Link [LNKA] (IRQs 5 9 10 *11)
[    0.580496] ACPI: PCI Interrupt Link [LNKB] (IRQs 5 9 *10 11)
[    0.584177] ACPI: PCI Interrupt Link [LNKC] (IRQs 5 *9 10 11)
[    0.588180] ACPI: PCI Interrupt Link [LNKD] (IRQs 5 9 10 *11)
[    0.596775] SCSI subsystem initialized
[    0.600409] pci 0000:00:02.0: vgaarb: setting as boot VGA device
[    0.604000] pci 0000:00:02.0: vgaarb: VGA device added: decodes=io+mem,owns=io+mem,locks=none
[    0.604008] pci 0000:00:02.0: vgaarb: bridge control possible
[    0.608003] vgaarb: loaded
[    0.610154] ACPI: bus type USB registered
[    0.612020] usbcore: registered new interface driver usbfs
[    0.616060] usbcore: registered new interface driver hub
[    0.620015] usbcore: registered new device driver usb
[    0.624195] EDAC MC: Ver: 3.0.0
[    0.632668] PCI: Using ACPI for IRQ routing
[    0.640747] NetLabel: Initializing
[    0.644003] NetLabel:  domain hash size = 128
[    0.648002] NetLabel:  protocols = UNLABELED CIPSOv4 CALIPSO
[    0.652143] NetLabel:  unlabeled traffic allowed by default
[    0.660104] clocksource: Switched to clocksource kvm-clock
[    0.727731] VFS: Disk quotas dquot_6.6.0
[    0.732943] VFS: Dquot-cache hash table entries: 512 (order 0, 4096 bytes)
[    0.740659] AppArmor: AppArmor Filesystem Enabled
[    0.744459] pnp: PnP ACPI init
[    0.749242] pnp: PnP ACPI: found 3 devices
[    0.761468] clocksource: acpi_pm: mask: 0xffffff max_cycles: 0xffffff, max_idle_ns: 2085701024 ns
[    0.769221] NET: Registered protocol family 2
[    0.773407] TCP established hash table entries: 16384 (order: 5, 131072 bytes)
[    0.780694] TCP bind hash table entries: 16384 (order: 6, 262144 bytes)
[    0.787494] TCP: Hash tables configured (established 16384 bind 16384)
[    0.793882] UDP hash table entries: 1024 (order: 3, 32768 bytes)
[    0.799414] UDP-Lite hash table entries: 1024 (order: 3, 32768 bytes)
[    0.807074] NET: Registered protocol family 1
[    0.811963] pci 0000:00:00.0: Limiting direct PCI/PCI transfers
[    0.821580] pci 0000:00:01.0: Activating ISA DMA hang workarounds
[    0.826718] pci 0000:00:02.0: Video device with shadowed ROM at [mem 0x000c0000-0x000dffff]
[    0.833940] Unpacking initramfs...
[    1.505755] Freeing initrd memory: 19520K
[    1.510758] clocksource: tsc: mask: 0xffffffffffffffff max_cycles: 0x255cbc978bf, max_idle_ns: 440795251759 ns
[    1.520816] platform rtc_cmos: registered platform RTC device (no PNP device found)
[    1.526788] Scanning for low memory corruption every 60 seconds
[    1.536393] Initialise system trusted keyrings
[    1.541195] Key type blacklist registered
[    1.544926] workingset: timestamp_bits=36 max_order=19 bucket_order=0
[    1.554260] zbud: loaded
[    1.558026] squashfs: version 4.0 (2009/01/31) Phillip Lougher
[    1.563067] fuse init (API version 7.26)
[    1.569893] Key type asymmetric registered
[    1.574402] Asymmetric key parser 'x509' registered
[    1.579693] Block layer SCSI generic (bsg) driver version 0.4 loaded (major 246)
[    1.587173] io scheduler noop registered
[    1.591260] io scheduler deadline registered
[    1.595023] io scheduler cfq registered (default)
[    1.600395] ACPI: AC Adapter [AC] (on-line)
[    1.604476] input: Power Button as /devices/LNXSYSTM:00/LNXPWRBN:00/input/input0
[    1.611838] ACPI: Power Button [PWRF]
[    1.617055] input: Sleep Button as /devices/LNXSYSTM:00/LNXSLPBN:00/input/input1
[    1.624801] ACPI: Sleep Button [SLPF]
[    1.630940] ACPI: Battery Slot [BAT0] (battery present)
[    1.636348] Serial: 8250/16550 driver, 32 ports, IRQ sharing enabled
[    1.674142] 00:02: ttyS0 at I/O 0x3f8 (irq = 4, base_baud = 115200) is a 16550A
[    1.688850] Linux agpgart interface v0.103
[    1.704263] loop: module loaded
[    1.709444] scsi host0: ata_piix
[    1.712573] scsi host1: ata_piix
[    1.715306] ata1: PATA max UDMA/33 cmd 0x1f0 ctl 0x3f6 bmdma 0xd000 irq 14
[    1.722107] ata2: PATA max UDMA/33 cmd 0x170 ctl 0x376 bmdma 0xd008 irq 15
[    1.730292] libphy: Fixed MDIO Bus: probed
[    1.735633] tun: Universal TUN/TAP device driver, 1.6
[    1.742959] PPP generic driver version 2.4.2
[    1.748658] ehci_hcd: USB 2.0 'Enhanced' Host Controller (EHCI) Driver
[    1.755687] ehci-pci: EHCI PCI platform driver
[    1.760416] ehci-platform: EHCI generic platform driver
[    1.764941] ohci_hcd: USB 1.1 'Open' Host Controller (OHCI) Driver
[    1.770188] ohci-pci: OHCI PCI platform driver
[    1.774527] ohci-platform: OHCI generic platform driver
[    1.780155] uhci_hcd: USB Universal Host Controller Interface driver
[    1.785723] i8042: PNP: PS/2 Controller [PNP0303:PS2K,PNP0f03:PS2M] at 0x60,0x64 irq 1,12
[    1.797415] serio: i8042 KBD port at 0x60,0x64 irq 1
[    1.803052] serio: i8042 AUX port at 0x60,0x64 irq 12
[    1.808873] mousedev: PS/2 mouse device common for all mice
[    1.815455] input: AT Translated Set 2 keyboard as /devices/platform/i8042/serio0/input/input2
[    1.825176] rtc_cmos rtc_cmos: rtc core: registered rtc_cmos as rtc0
[    1.831316] rtc_cmos rtc_cmos: alarms up to one day, 114 bytes nvram
[    1.838282] i2c /dev entries driver
[    1.841579] device-mapper: uevent: version 1.0.3
[    1.845200] device-mapper: ioctl: 4.37.0-ioctl (2017-09-20) initialised: dm-devel@redhat.com
[    1.851364] ledtrig-cpu: registered to indicate activity on CPUs
[    1.857754] NET: Registered protocol family 10
[    1.868835] Segment Routing with IPv6
[    1.872490] NET: Registered protocol family 17
[    1.875977] Key type dns_resolver registered
[    1.881221] mce: Using 0 MCE banks
[    1.885074] RAS: Correctable Errors collector initialized.
[    1.946108] sched_clock: Marking stable (1946018903, 0)->(3208587738, -1262568835)
[    1.954112] registered taskstats version 1
[    1.958795] Loading compiled-in X.509 certificates
[    1.967084] Loaded X.509 cert 'Build time autogenerated kernel key: 94c1dbbf9057c249d34783f9fbd868815acc6f0a'
[    1.977970] Loaded X.509 cert 'Canonical Ltd. Live Patch Signing: 14df34d1a87cf37625abec039ef2bf521249b969'
[    1.986535] Loaded X.509 cert 'Canonical Ltd. Kernel Module Signing: 88f752e560a1e0737e31163a466ad7b70a850c19'
[    1.995567] zswap: loaded using pool lzo/zbud
[    2.005885] Key type big_key registered
[    2.009935] Key type trusted registered
[    2.014736] Key type encrypted registered
[    2.018784] AppArmor: AppArmor sha1 policy hashing enabled
[    2.023666] ima: No TPM chip found, activating TPM-bypass! (rc=-19)
[    2.030103] ima: Allocated hash algorithm: sha1
[    2.036205] evm: HMAC attrs: 0x1
[    2.040949]   Magic number: 9:634:484
[    2.045460] rtc_cmos rtc_cmos: setting system clock to 2021-06-03 14:27:56 UTC (1622730476)
[    2.054113] BIOS EDD facility v0.16 2004-Jun-25, 0 devices found
[    2.060382] EDD information not available.
[    2.067303] Freeing unused kernel image memory: 2444K
[    2.080409] Write protecting the kernel read-only data: 20480k
[    2.086098] Freeing unused kernel image memory: 2008K
[    2.091207] Freeing unused kernel image memory: 1828K
[    2.101951] x86/mm: Checked W+X mappings: passed, no W+X pages found.
[    2.109118] x86/mm: Checking user space page tables
[    2.121418] x86/mm: Checked W+X mappings: passed, no W+X pages found.
Loading, please wait...
starting version 237
[    2.264018] e1000: Intel(R) PRO/1000 Network Driver - version 7.3.21-k8-NAPI
[    2.272954] e1000: Copyright (c) 1999-2006 Intel Corporation.
[    2.281882] Fusion MPT base driver 3.04.20
[    2.285887] Copyright (c) 1999-2008 LSI Corporation
[    2.342167] Fusion MPT SPI Host driver 3.04.20
[    2.565818] input: ImExPS/2 Generic Explorer Mouse as /devices/platform/i8042/serio1/input/input4
[    3.145249] e1000 0000:00:03.0 eth0: (PCI:33MHz:32-bit) 02:e4:62:7a:03:98
[    3.151295] e1000 0000:00:03.0 eth0: Intel(R) PRO/1000 Network Connection
[    3.159183] mptbase: ioc0: Initiating bringup
[    3.267026] ioc0: LSI53C1030 A0: Capabilities={Initiator}
[    3.528826] scsi host2: ioc0: LSI53C1030 A0, FwRev=00000000h, Ports=1, MaxQ=256, IRQ=20
[    3.705072] scsi 2:0:0:0: Direct-Access     VBOX     HARDDISK         1.0  PQ: 0 ANSI: 5
[    3.714633] scsi target2:0:0: Beginning Domain Validation
[    3.720020] random: fast init done
[    3.730365] scsi target2:0:0: Domain Validation skipping write tests
[    3.737330] scsi target2:0:0: Ending Domain Validation
[    3.742455] scsi target2:0:0: asynchronous
[    3.748317] scsi 2:0:1:0: Direct-Access     VBOX     HARDDISK         1.0  PQ: 0 ANSI: 5
[    3.754704] scsi target2:0:1: Beginning Domain Validation
[    3.839258] scsi target2:0:1: Domain Validation skipping write tests
[    3.846796] scsi target2:0:1: Ending Domain Validation
[    3.862222] scsi target2:0:1: asynchronous
[    3.986509] sd 2:0:0:0: Attached scsi generic sg0 type 0
[    3.992617] sd 2:0:0:0: [sda] 83886080 512-byte logical blocks: (42.9 GB/40.0 GiB)
[    3.999361] sd 2:0:1:0: [sdb] 20480 512-byte logical blocks: (10.5 MB/10.0 MiB)
[    4.006279] sd 2:0:1:0: Attached scsi generic sg1 type 0
[    4.011007] sd 2:0:0:0: [sda] Write Protect is off
[    4.015467] random: systemd-udevd: uninitialized urandom read (16 bytes read)
[    4.023208] sd 2:0:1:0: [sdb] Write Protect is off
[    4.027942] sd 2:0:0:0: [sda] Incomplete mode parameter data
[    4.033634] sd 2:0:0:0: [sda] Assuming drive cache: write through
[    4.048344] sd 2:0:1:0: [sdb] Incomplete mode parameter data
[    4.054908] sd 2:0:1:0: [sdb] Assuming drive cache: write through
[    4.061304] random: systemd-udevd: uninitialized urandom read (16 bytes read)
[    4.081834]  sda: sda1
[    4.088658] random: systemd-udevd: uninitialized urandom read (16 bytes read)
[    4.099419] sd 2:0:1:0: [sdb] Attached SCSI disk
[    4.104547] sd 2:0:0:0: [sda] Attached SCSI disk
[    4.642578] e1000 0000:00:08.0 eth1: (PCI:33MHz:32-bit) 08:00:27:92:d8:de
[    4.648574] e1000 0000:00:08.0 eth1: Intel(R) PRO/1000 Network Connection
[    4.655475] e1000 0000:00:08.0 enp0s8: renamed from eth1
[    4.673213] e1000 0000:00:03.0 enp0s3: renamed from eth0
Begin: Loading essential drivers ... [    6.944276] raid6: sse2x1   gen()  8970 MB/s
[    7.008110] raid6: sse2x1   xor()  7611 MB/s
[    7.061723] raid6: sse2x2   gen() 13685 MB/s
[    7.116093] raid6: sse2x2   xor()  8869 MB/s
[    7.168740] raid6: sse2x4   gen() 13423 MB/s
[    7.233790] raid6: sse2x4   xor()  8753 MB/s
[    7.240139] raid6: using algorithm sse2x2 gen() 13685 MB/s
[    7.245432] raid6: .... xor() 8869 MB/s, rmw enabled
[    7.249687] raid6: using ssse3x2 recovery algorithm
[    7.255733] xor: measuring software checksum speed
[    7.360783]    prefetch64-sse: 45422.000 MB/sec
[    7.480069]    generic_sse: 42248.000 MB/sec
[    7.484078] xor: using function: prefetch64-sse (45422.000 MB/sec)
[    7.491393] async_tx: api initialized (async)
done.
Begin: Running /scripts/init-premount ... done.
Begin: Mounting root file system ... Begin: Running /scripts/local-top ... done.
Begin: Running /scripts/local-premount ... [    7.566708] Btrfs loaded, crc32c=crc32c-intel
Scanning for Btrfs filesystems
done.
Warning: fsck not present, so skipping root file system
[    7.630704] EXT4-fs (sda1): mounted filesystem with ordered data mode. Opts: (null)
done.
Begin: Running /scripts/local-bottom ... done.
Begin: Running /scripts/init-bottom ... done.
[    7.890054] ip_tables: (C) 2000-2006 Netfilter Core Team
[    7.914146] systemd[1]: systemd 237 running in system mode. (+PAM +AUDIT +SELINUX +IMA +APPARMOR +SMACK +SYSVINIT +UTMP +LIBCRYPTSETUP +GCRYPT +GNUTLS +ACL +XZ +LZ4 +SECCOMP +BLKID +ELFUTILS +KMOD -IDN2 +IDN -PCRE2 default-hierarchy=hybrid)
[    7.933187] systemd[1]: Detected virtualization oracle.
[    7.937428] systemd[1]: Detected architecture x86-64.

Welcome to [1mUbuntu 18.04.5 LTS[0m!

[    7.948275] systemd[1]: Set hostname to <ubuntu>.
[    7.962117] systemd[1]: Initializing machine ID from random generator.
[    7.969266] systemd[1]: Installed transient /etc/machine-id file.
[    8.348651] systemd[1]: Reached target User and Group Name Lookups.
[[0;32m  OK  [0m] Reached target User and Group Name Lookups.
[    8.359758] systemd[1]: Started Forward Password Requests to Wall Directory Watch.
[[0;32m  OK  [0m] Started Forward Password Requests to Wall Directory Watch.
[    8.371634] systemd[1]: Created slice System Slice.
[[0;32m  OK  [0m] Created slice System Slice.
[    8.380778] systemd[1]: Listening on Journal Socket.
[[0;32m  OK  [0m] Listening on Journal Socket.
[[0;32m  OK  [0m] Listening on fsck to fsckd communication Socket.
         Starting Uncomplicated firewall...
         Mounting POSIX Message Queue File System...
[[0;32m  OK  [0m] Listening on Syslog Socket.
         Mounting Kernel Debug File System...
[[0;32m  OK  [0m] Listening on Journal Audit Socket.
[[0;32m  OK  [0m] Listening on udev Control Socket.
[[0;32m  OK  [0m] Listening on Network Service Netlink Socket.
         Starting File System Check on Root Device...
[[0;32m  OK  [0m] Listening on LVM2 poll daemon socket.
         Mounting Huge Pages File System...
[[0;32m  OK  [0m] Created slice User and Session Slice.
[[0;32m  OK  [0m] Listening on udev Kernel Socket.
         Starting udev Coldplug all Devices...
[[0;32m  OK  [0m] Listening on Device-mapper event daemon FIFOs.
[[0;32m  OK  [0m] Reached target Swap.
[[0;32m  OK  [0m] Listening on LVM2 metadata daemon socket.
         Starting Monitoring of LVM2 mirrors…ng dmeventd or progress polling...
         Starting Load Kernel Modules...
[[0;32m  OK  [0m] Listening on /dev/initctl Compatibility Named Pipe.
         Starting Set the console keyboard layout...
[[0;32m  OK  [0m] Reached target Slices.
[[0;32m  OK  [0m] Listening on Journal Socket (/dev/log).
         Starting Journal Service...
         Starting Create list of required st…ce nodes for the current kernel...
[[0;32m  OK  [0m] Created slice system-serial\x2dgetty.slice.
[[0;32m  OK  [0m] Reached target System Time Synchronized.
[[0;32m  OK  [0m] Set up automount Arbitrary Executab…rmats File System Automount Point.
[    8.620478] Loading iSCSI transport class v2.0-870.
[    8.630541] iscsi: registered transport (tcp)
[    8.653162] iscsi: registered transport (iser)
[[0;32m  OK  [0m] Started Journal Service.
[[0;32m  OK  [0m] Started Uncomplicated firewall.
[[0;32m  OK  [0m] Mounted POSIX Message Queue File System.
[[0;32m  OK  [0m] Mounted Kernel Debug File System.
[[0;32m  OK  [0m] Started File System Check on Root Device.
[[0;32m  OK  [0m] Mounted Huge Pages File System.
[[0;32m  OK  [0m] Started Load Kernel Modules.
[[0;32m  OK  [0m] Started Create list of required sta…vice nodes for the current kernel.
[[0;32m  OK  [0m] Started File System Check Daemon to report status.
[[0;32m  OK  [0m] Started LVM2 metadata daemon.
         Starting Create Static Device Nodes in /dev...
         Mounting FUSE Control File System...
         Starting Apply Kernel Variables...
         Mounting Kernel Configuration File System...
         Starting Remount Root and Kernel File Systems...
[[0;32m  OK  [0m] Mounted FUSE Control File System.
[[0;32m  OK  [0m] Mounted Kernel Configuration File System.
[[0;32m  OK  [0m] Started Monitoring of LVM2 mirrors,…sing dmeventd or progress polling.
[[0;32m  OK  [0m] Started udev Coldplug all Devices.
[[0;32m  OK  [0m] Started Apply Kernel Variables.
[[0;32m  OK  [0m] Started Remount Root and Kernel File Systems.
         Starting Flush Journal to Persistent Storage...
         Starting Load/Save Random Seed...
[[0;32m  OK  [0m] Started Create Static Device Nodes in /dev.
         Starting udev Kernel Device Manager...
[[0;32m  OK  [0m] Started udev Kernel Device Manager.
[[0;32m  OK  [0m] Started Load/Save Random Seed.
[[0;32m  OK  [0m] Started Flush Journal to Persistent Storage.
[[0;32m  OK  [0m] Found device /dev/ttyS0.
[[0;32m  OK  [0m] Listening on Load/Save RF Kill Switch Status /dev/rfkill Watch.
[[0;32m  OK  [0m] Started Set the console keyboard layout.
[[0;32m  OK  [0m] Reached target Local File Systems (Pre).
[[0;32m  OK  [0m] Reached target Local File Systems.
         Starting Commit a transient machine-id on disk...
         Starting ebtables ruleset management...
         Starting Create Volatile Files and Directories...
         Starting AppArmor initialization...
         Starting Tell Plymouth To Write Out Runtime Data...
         Starting Set console font and keymap...
[[0;32m  OK  [0m] Started Dispatch Password Requests to Console Directory Watch.
[[0;32m  OK  [0m] Reached target Local Encrypted Volumes.
[[0;32m  OK  [0m] Started Tell Plymouth To Write Out Runtime Data.
[[0;32m  OK  [0m] Started Commit a transient machine-id on disk.
[[0;32m  OK  [0m] Started Create Volatile Files and Directories.
         Starting Update UTMP about System Boot/Shutdown...
[[0;32m  OK  [0m] Started Set console font and keymap.
[[0;32m  OK  [0m] Started Update UTMP about System Boot/Shutdown.
[[0;32m  OK  [0m] Started ebtables ruleset management.
[[0;32m  OK  [0m] Started AppArmor initialization.
         Starting Load AppArmor profiles managed internally by snapd...
         Starting Initial cloud-init job (pre-networking)...
[[0;32m  OK  [0m] Started Load AppArmor profiles managed internally by snapd.
[   13.644004] cloud-init[591]: Cloud-init v. 20.4.1-0ubuntu1~18.04.1 running 'init-local' at Thu, 03 Jun 2021 14:28:07 +0000. Up 13.18 seconds.
[[0;32m  OK  [0m] Started Initial cloud-init job (pre-networking).
[[0;32m  OK  [0m] Reached target Network (Pre).
         Starting Network Service...
[[0;32m  OK  [0m] Started Network Service.
         Starting Network Name Resolution...
         Starting Wait for Network to be Configured...
[[0;32m  OK  [0m] Started Network Name Resolution.
[[0;32m  OK  [0m] Reached target Network.
[[0;32m  OK  [0m] Reached target Host and Network Name Lookups.
[[0;32m  OK  [0m] Started Wait for Network to be Configured.
         Starting Initial cloud-init job (metadata service crawler)...
[   15.562313] cloud-init[671]: Cloud-init v. 20.4.1-0ubuntu1~18.04.1 running 'init' at Thu, 03 Jun 2021 14:28:09 +0000. Up 15.40 seconds.
[   15.578521] cloud-init[671]: ci-info: ++++++++++++++++++++++++++++++++++++++Net device info++++++++++++++++++++++++++++++++++++++
[   15.593381] cloud-init[671]: ci-info: +--------+-------+---------------------------+---------------+--------+-------------------+
[   15.605246] cloud-init[671]: ci-info: | Device |   Up  |          Address          |      Mask     | Scope  |     Hw-Address    |
[   15.616029] cloud-init[671]: ci-info: +--------+-------+---------------------------+---------------+--------+-------------------+
[   15.632031] cloud-init[671]: ci-info: | enp0s3 |  True |         10.0.2.15         | 255.255.255.0 | global | 02:e4:62:7a:03:98 |
[   15.641856] cloud-init[671]: ci-info: | enp0s3 |  True | fe80::e4:62ff:fe7a:398/64 |       .       |  link  | 02:e4:62:7a:03:98 |
[   15.651057] cloud-init[671]: ci-info: | enp0s8 | False |             .             |       .       |   .    | 08:00:27:92:d8:de |
[   15.669014] cloud-init[671]: ci-info: |   lo   |  True |         127.0.0.1         |   255.0.0.0   |  host  |         .         |
[   15.680931] cloud-init[671]: ci-info: |   lo   |  True |          ::1/128          |       .       |  host  |         .         |
[   15.693347] cloud-init[671]: ci-info: +--------+-------+---------------------------+---------------+--------+-------------------+
[   15.709739] cloud-init[671]: ci-info: ++++++++++++++++++++++++++++Route IPv4 info+++++++++++++++++++++++++++++
[   15.719212] cloud-init[671]: ci-info: +-------+-------------+----------+-----------------+-----------+-------+
[   15.736310] cloud-init[671]: ci-info: | Route | Destination | Gateway  |     Genmask     | Interface | Flags |
[   15.749243] cloud-init[671]: ci-info: +-------+-------------+----------+-----------------+-----------+-------+
[   15.764632] cloud-init[671]: ci-info: |   0   |   0.0.0.0   | 10.0.2.2 |     0.0.0.0     |   enp0s3  |   UG  |
[   15.776793] cloud-init[671]: ci-info: |   1   |   10.0.2.0  | 0.0.0.0  |  255.255.255.0  |   enp0s3  |   U   |
[   15.791431] cloud-init[671]: ci-info: |   2   |   10.0.2.2  | 0.0.0.0  | 255.255.255.255 |   enp0s3  |   UH  |
[   15.801893] cloud-init[671]: ci-info: +-------+-------------+----------+-----------------+-----------+-------+
[   15.832527] cloud-init[671]: ci-info: +++++++++++++++++++Route IPv6 info+++++++++++++++++++
[   15.847108] cloud-init[671]: ci-info: +-------+-------------+---------+-----------+-------+
[   15.863950] cloud-init[671]: ci-info: | Route | Destination | Gateway | Interface | Flags |
[   15.889401] cloud-init[671]: ci-info: +-------+-------------+---------+-----------+-------+
[   15.907063] cloud-init[671]: ci-info: |   1   |  fe80::/64  |    ::   |   enp0s3  |   U   |
[   15.924567] cloud-init[671]: ci-info: |   3   |    local    |    ::   |   enp0s3  |   U   |
[   15.940757] cloud-init[671]: ci-info: |   4   |   ff00::/8  |    ::   |   enp0s3  |   U   |
[   15.954936] cloud-init[671]: ci-info: +-------+-------------+---------+-----------+-------+
[   16.719697] cloud-init[671]: Generating public/private rsa key pair.
[   16.741325] cloud-init[671]: Your identification has been saved in /etc/ssh/ssh_host_rsa_key.
[   16.747456] cloud-init[671]: Your public key has been saved in /etc/ssh/ssh_host_rsa_key.pub.
[   16.753497] cloud-init[671]: The key fingerprint is:
[   16.773552] cloud-init[671]: SHA256:BMYNzoMiGa1HQ8hNXm0J+1qvfAJ8HP2nWX3hZ8kUTzk root@ubuntu-bionic
[   16.781055] cloud-init[671]: The key's randomart image is:
[   16.793452] cloud-init[671]: +---[RSA 2048]----+
[   16.803193] cloud-init[671]: |o++. +*o.       .|
[   16.814610] cloud-init[671]: |.+=..=o=.      E.|
[   16.824641] cloud-init[671]: |oo.o..= o      .+|
[[0;32m  OK  [0m[   16.837209] cloud-init[671]: ] Started Initial cloud-init job (metadata service crawler).
|....  .+ .     o.|
[   16.847014] [[0;32m  OK  [0m] Reached target Network is Online.
cloud-init         Starting Availability of block devices...[671]: | .  . .oS .   = o|
[   16.867774] 
[[0;32m  OK  [0m] Reached target Remote File Systems (Pre).
[[0;32m  OK  [0m] Reached target Remote File Systems.cloud-init[671]: 
[[0;32m  OK  [0m] |     ooo.  . o =+|
Reached target Cloud-config availability.
[[0;32m  OK  [0m] Reached target System Initialization.
[   16.907963] cloud-init[671]: [[0;32m  OK  [0m] Started ACPI Events Check.|     .o  .  =  .o|
[[0;32m  OK  [0m] 
[   16.926103] cloud-initStarted Message of the Day.
[671]: [[0;32m  OK  [0m|      .... o     |
[   16.939167] ] Listening on ACPID Listen Socket.
cloud-init[671]: |       oo        |
         Starting LXD - unix socket.[   16.953202] cloud-init[671]: +----[SHA256]-----+
[[0;32m  OK  [0m] Started Daily apt download activities.
[[0;32m  OK  [0m] Listening on D-Bus System Message Bus Socket.

[   16.977375] cloud-init[671]: Generating public/private dsa key pair.[[0;32m  OK  [0m] Listening on UUID daemon activation socket.
[[0;32m  OK  [0m
[   16.995800] ] Started Discard unused blocks once a week.
cloud-init[671]: Your identification has been saved in /etc/ssh/ssh_host_dsa_key.[[0;32m  OK  [0m] Listening on Open-iSCSI iscsid Socket.
[   17.010040] cloud-init[671]: 
[[0;32m  OK  [0m] Your public key has been saved in /etc/ssh/ssh_host_dsa_key.pub.
Started Daily apt upgrade and clean activities.
         [   17.025524] cloud-init[671]: The key fingerprint is:Starting Socket activation for snappy daemon.
[
[   17.033628] cloud-init[671]: [0;32m  OK  [0m] Started Daily Cleanup of Temporary Directories.
[[0;32m  OK  [0m] Reached target Timers.SHA256:o4lAbnx+jp9yHcp06mQ4GBXKgzs6GT+9BP/DpfHjNEg root@ubuntu-bionic

[[0;32m  OK  [0m] Reached target Paths.
[   17.056847] cloud-init[671]: The key's randomart image is:
[[0;32m  OK  [0m[   17.064584] cloud-init[671]: +---[DSA 1024]----+] Started Availability of block devices.
[
[   17.074164] cloud-init[671]: [0;32m  OK  [0m] Listening on LXD - unix socket.
[[0;32m  OK  [0m] Listening on Socket activation for snappy daemon.|    .            |
[[0;32m  OK  [0m] 
[   17.098438] cloud-initReached target Sockets.
[[671]: | o . .           |
[   17.107971] [0;32m  OK  [0m] Reached target Basic System.
cloud-init[671]:          Starting Permit User Sessions...
|. = .            |
[   17.122334] cloud-init         Starting Virtualbox guest utils...
[[0;32m  OK  [0m] Started FUSE filesystem for LXC.
[[0;32m  OK  [0m] Started Deferred execution scheduler.[671]: 
| = o             |[[0;32m  OK  [0m] Started D-Bus System Message Bus.

[   17.179903] cloud-init[671]: |+ B . E S        |
[   17.194174] cloud-init[671]: |.* X +o++.       |
[   17.215921] cloud-init[671]: |+ + O+BXo.       |
[   17.229212] cloud-init[671]: | . o.XOo+.       |
[   17.249091] cloud-init[671]:          Starting Pollinate to seed the pseudo random number generator...|    o=*o..       |

         Starting Dispatcher daemon for systemd-networkd...
[   17.301464] cloud-init[671]: +----[SHA256]-----+[[0;32m  OK  [0m] Started irqbalance daemon.

         [   17.322741] cloud-initStarting System Logging Service...
         Starting Accounts Service...
[671]:          Starting LXD - container startup/shutdown...
Generating public/private ecdsa key pair.
[   17.375791] cloud-init[671]: Your identification has been saved in /etc/ssh/ssh_host_ecdsa_key.
[   17.414084] cloud-init[671]:          Starting Snap Daemon...
         Starting LSB: automatic crash report generation...Your public key has been saved in /etc/ssh/ssh_host_ecdsa_key.pub.
         Starting Login Service...

[   17.486013] cloud-init[671]: The key fingerprint is:
[   17.506054] cloud-init[671]: SHA256:H2WohBLBf4r5nYh3wIXwhJ4WvxPGNKuumRHcfuL91ZQ root@ubuntu-bionic
[   17.548621] cloud-init[671]: The key's randomart image is:
[   17.585576] cloud-init[[0;32m  OK  [0m] Started Regular background program processing daemon.
         Starting LSB: Record successful boot for GRUB...
[[0;32m  OK  [0m] Started System Logging Service.
[[0;32m  OK  [0m] Started Permit User Sessions.
         Starting Terminate Plymouth Boot Screen...
         Starting Hold until boot process finishes up...
[[0;32m  OK  [0m] Started Terminate Plymouth Boot Screen.
[[0;32m  OK  [0m] Started Hold until boot process finishes up.
[[0;32m  OK  [0m] Started Serial Getty on ttyS0.
[671]: +---[ECDSA 256]---+
         Starting Set console scheme...
[[0;32m  OK  [0m] Started Set console scheme.
[[0;32m  OK  [0m[   17.819144] ] Created slice system-getty.slice.
[[0;32m  OK  [0m] Started Getty on tty1.
[[0;32m  OK  [0m] Reached target Login Prompts.cloud-init
         Starting Authorization Manager...
[[0;32m  OK  [0m] [671]: Started Login Service.
[[0;32m  OK  [0m] Started Unattended Upgrades Shutdown.|   .oo           |

[   17.996579] cloud-init[671]: |    =.+.   .     |
[   18.037898] cloud-init[671]: |   ..@.+. . o    |
[   18.058603] cloud-init[671]: | . .+.X.o. o .   |
[   18.081238] cloud-init[671]: |  o..* *S . E    |
[   18.116129] cloud-init[671]: |   o+ *  . +     |
[   18.140234] cloud-init[671]: |  ..oo.= .o .    |
[   18.172669] cloud-init[671]: |   =o++ +.       |[[0;32m  OK  [0m] Started Authorization Manager.
[[0;32m  OK  [0m] Started Accounts Service.

[   18.222809] cloud-init[671]: |  +....o.        |
[   18.291879] cloud-init[671]: [[0;32m  OK  [0m] Started LSB: automatic crash report generation.+----[SHA256]-----+

[   18.343598] cloud-init[671]: Generating public/private ed25519 key pair.
[   18.378624] cloud-init[671]: Your identification has been saved in /etc/ssh/ssh_host_ed25519_key.
[   18.422301] cloud-init[671]: Your public key has been saved in /etc/ssh/ssh_host_ed25519_key.pub.
[   18.480792] cloud-init[671]: The key fingerprint is:
[   18.524606] cloud-init[[0;32m  OK  [0m] Started LXD - container startup/shutdown.
[[0;32m  OK  [0m] Started LSB: Record successful boot for GRUB.[671]: 
SHA256:PZ50A05z6nax0svgnvfMrAVWLHb2sSzQcAurG3o0I3Q root@ubuntu-bionic
[   18.607227] cloud-init[671]: The key's randomart image is:
[   18.645854] cloud-init[671]: +--[ED25519 256]--+
[   18.669028] cloud-init[671]: |           o .   |
[   18.690224] cloud-init[671]: |            *..  |
[   18.708482] cloud-init[671]: |       . E+o+o=. |
[   18.725549] cloud-init[671]: [[0;32m  OK  [0m] Started Virtualbox guest utils.
|      . .+.*.=..o|
[   18.765163] cloud-init[671]: |       .S** *. o.|
[   18.800233] cloud-init[671]: |        ++=* =.  |
[   18.860545] cloud-init[671]: |       . oB + .  |
[   18.895217] cloud-init[671]: |        .o *.*   |
[   18.926921] cloud-init[671]: |         .+.+o=  |
[   18.955895] cloud-init[[0;32m  OK  [0m] Started Dispatcher daemon for systemd-networkd.
[671]: +----[SHA256]-----+
[[0;32m  OK  [0m] Started Pollinate to seed the pseudo random number generator.
         Starting OpenBSD Secure Shell server...
[[0;32m  OK  [0m] Started Snap Daemon.
         Starting Wait until snapd is fully seeded...
[[0;32m  OK  [0m] Started OpenBSD Secure Shell server.
[[0;32m  OK  [0m] Created slice User Slice of vagrant.
         Starting User Manager for UID 1000...
[[0;32m  OK  [0m] Started Session 1 of user vagrant.
[[0;32m  OK  [0m] Started User Manager for UID 1000.
[[0;32m  OK  [0m] Started Wait until snapd is fully seeded.
         Starting Apply the settings specified in cloud-config...
[[0;32m  OK  [0m] Reached target Multi-User System.
[[0;32m  OK  [0m] Reached target Graphical Interface.
         Starting Update UTMP about System Runlevel Changes...
[[0;32m  OK  [0m] Started Update UTMP about System Runlevel Changes.
[   23.248696] cloud-init[1051]: Cloud-init v. 20.4.1-0ubuntu1~18.04.1 running 'modules:config' at Thu, 03 Jun 2021 14:28:16 +0000. Up 21.80 seconds.

Ubuntu 18.04.5 LTS ubuntu-bionic ttyS0

ubuntu-bionic login: ci-info: no authorized SSH keys fingerprints found for user ubuntu.
<14>Jun  3 14:28:19 ec2: 
<14>Jun  3 14:28:19 ec2: #############################################################
<14>Jun  3 14:28:19 ec2: -----BEGIN SSH HOST KEY FINGERPRINTS-----
<14>Jun  3 14:28:19 ec2: 1024 SHA256:o4lAbnx+jp9yHcp06mQ4GBXKgzs6GT+9BP/DpfHjNEg root@ubuntu-bionic (DSA)
<14>Jun  3 14:28:19 ec2: 256 SHA256:H2WohBLBf4r5nYh3wIXwhJ4WvxPGNKuumRHcfuL91ZQ root@ubuntu-bionic (ECDSA)
<14>Jun  3 14:28:19 ec2: 256 SHA256:PZ50A05z6nax0svgnvfMrAVWLHb2sSzQcAurG3o0I3Q root@ubuntu-bionic (ED25519)
<14>Jun  3 14:28:19 ec2: 2048 SHA256:BMYNzoMiGa1HQ8hNXm0J+1qvfAJ8HP2nWX3hZ8kUTzk root@ubuntu-bionic (RSA)
<14>Jun  3 14:28:19 ec2: -----END SSH HOST KEY FINGERPRINTS-----
<14>Jun  3 14:28:19 ec2: #############################################################
-----BEGIN SSH HOST KEY KEYS-----
ecdsa-sha2-nistp256 AAAAE2VjZHNhLXNoYTItbmlzdHAyNTYAAAAIbmlzdHAyNTYAAABBBJE1eU38b8n5PwzeSUyaU3T1DBlbNUfHDrr7zsiwemg8pLy3Vi5AFFgceKKyMrB4h0JQH2pDjpIgAvTKn+vg54U= root@ubuntu-bionic
ssh-ed25519 AAAAC3NzaC1lZDI1NTE5AAAAIL+cYDZ8mGTDMq3xtviePEN8HMoOMVxEnZEYunnmgVMJ root@ubuntu-bionic
ssh-rsa AAAAB3NzaC1yc2EAAAADAQABAAABAQC5SvQ0WXwftNguyWWsIR5eV+a74P5A6/EBNTyYnJqSCM7YdDz5wp48q51h24U5UWwUGMU7Xlxo8SUm+ev7t2H3uk+2DLbeKaWplDuMD58fRcxKzPPTFG2B0xUZqOKK35uRwexNt64r6J9sJ/yDBT89H0P8ZUAgDuqwfWeio5FEfZPbtO6Qwu82Py6XrLZ22yljH/q7V1u3QHz1UocIjZP9E312lNI2oY/xBAOIIVUC4Cj66c8u5x5/kbNZOjLaQfDCFy7nwp9s5t7TidZOwvsiCAbbIK/L2mtrCvGwkoFLQsRzqKCEId0NbbIJannfAgbVVX7w1vjYSndqHmbFxGMz root@ubuntu-bionic
-----END SSH HOST KEY KEYS-----
[   25.107212] cloud-init[1157]: Cloud-init v. 20.4.1-0ubuntu1~18.04.1 running 'modules:final' at Thu, 03 Jun 2021 14:28:19 +0000. Up 24.62 seconds.
[   25.150110] cloud-init[1157]: ci-info: no authorized SSH keys fingerprints found for user ubuntu.
[   25.178456] cloud-init[1157]: Cloud-init v. 20.4.1-0ubuntu1~18.04.1 finished at Thu, 03 Jun 2021 14:28:19 +0000. Datasource DataSourceNoCloud [seed=/dev/sdb][dsmode=net].  Up 25.07 seconds
